[ 2026-03-16 22:55:27,948 ] root - INFO - Entered the start_data_ingestion method of TrainPipeline class. Getting data from mongodb
[ 2026-03-16 22:55:27,949 ] root - INFO - <<<<< Entered initiate_data_ingestion method of Data_Ingestion class >>>>>
[ 2026-03-16 22:55:27,949 ] root - INFO - Exporting data from mongodb
[ 2026-03-16 22:55:29,052 ] pymongo.topology - DEBUG - {"message": "Starting topology monitoring", "topologyId": {"$oid": "69b83600a3c17a77b3d6a1d8"}}
[ 2026-03-16 22:55:29,053 ] pymongo.topology - DEBUG - {"message": "Topology description changed", "topologyId": {"$oid": "69b83600a3c17a77b3d6a1d8"}, "previousDescription": "<TopologyDescription id: 69b83600a3c17a77b3d6a1d8, topology_type: Unknown, servers: []>", "newDescription": "<TopologyDescription id: 69b83600a3c17a77b3d6a1d8, topology_type: ReplicaSetNoPrimary, servers: [<ServerDescription ('ac-p3jknmn-shard-00-00.vqv383i.mongodb.net', 27017) server_type: Unknown, rtt: None>, <ServerDescription ('ac-p3jknmn-shard-00-01.vqv383i.mongodb.net', 27017) server_type: Unknown, rtt: None>, <ServerDescription ('ac-p3jknmn-shard-00-02.vqv383i.mongodb.net', 27017) server_type: Unknown, rtt: None>]>"}
[ 2026-03-16 22:55:29,053 ] pymongo.topology - DEBUG - {"message": "Starting server monitoring", "topologyId": {"$oid": "69b83600a3c17a77b3d6a1d8"}, "serverHost": "ac-p3jknmn-shard-00-02.vqv383i.mongodb.net", "serverPort": 27017}
[ 2026-03-16 22:55:29,053 ] pymongo.topology - DEBUG - {"message": "Starting server monitoring", "topologyId": {"$oid": "69b83600a3c17a77b3d6a1d8"}, "serverHost": "ac-p3jknmn-shard-00-00.vqv383i.mongodb.net", "serverPort": 27017}
[ 2026-03-16 22:55:29,054 ] pymongo.topology - DEBUG - {"message": "Starting server monitoring", "topologyId": {"$oid": "69b83600a3c17a77b3d6a1d8"}, "serverHost": "ac-p3jknmn-shard-00-01.vqv383i.mongodb.net", "serverPort": 27017}
[ 2026-03-16 22:55:29,054 ] pymongo.connection - DEBUG - {"message": "Connection pool created", "clientId": {"$oid": "69b83600a3c17a77b3d6a1d8"}, "serverHost": "ac-p3jknmn-shard-00-02.vqv383i.mongodb.net", "serverPort": 27017}
[ 2026-03-16 22:55:29,057 ] pymongo.connection - DEBUG - {"message": "Connection pool created", "clientId": {"$oid": "69b83600a3c17a77b3d6a1d8"}, "serverHost": "ac-p3jknmn-shard-00-00.vqv383i.mongodb.net", "serverPort": 27017}
[ 2026-03-16 22:55:29,059 ] pymongo.connection - DEBUG - {"message": "Connection pool created", "clientId": {"$oid": "69b83600a3c17a77b3d6a1d8"}, "serverHost": "ac-p3jknmn-shard-00-01.vqv383i.mongodb.net", "serverPort": 27017}
[ 2026-03-16 22:55:29,060 ] root - INFO - MongoDB connection successful.
[ 2026-03-16 22:55:29,063 ] pymongo.serverSelection - DEBUG - {"message": "Server selection started", "selector": "Primary()", "operation": "find", "topologyDescription": "<TopologyDescription id: 69b83600a3c17a77b3d6a1d8, topology_type: ReplicaSetNoPrimary, servers: [<ServerDescription ('ac-p3jknmn-shard-00-00.vqv383i.mongodb.net', 27017) server_type: Unknown, rtt: None>, <ServerDescription ('ac-p3jknmn-shard-00-01.vqv383i.mongodb.net', 27017) server_type: Unknown, rtt: None>, <ServerDescription ('ac-p3jknmn-shard-00-02.vqv383i.mongodb.net', 27017) server_type: Unknown, rtt: None>]>", "clientId": {"$oid": "69b83600a3c17a77b3d6a1d8"}}
[ 2026-03-16 22:55:29,063 ] pymongo.serverSelection - DEBUG - {"message": "Waiting for suitable server to become available", "selector": "Primary()", "operation": "find", "topologyDescription": "<TopologyDescription id: 69b83600a3c17a77b3d6a1d8, topology_type: ReplicaSetNoPrimary, servers: [<ServerDescription ('ac-p3jknmn-shard-00-00.vqv383i.mongodb.net', 27017) server_type: Unknown, rtt: None>, <ServerDescription ('ac-p3jknmn-shard-00-01.vqv383i.mongodb.net', 27017) server_type: Unknown, rtt: None>, <ServerDescription ('ac-p3jknmn-shard-00-02.vqv383i.mongodb.net', 27017) server_type: Unknown, rtt: None>]>", "clientId": {"$oid": "69b83600a3c17a77b3d6a1d8"}, "remainingTimeMS": 30000}
[ 2026-03-16 22:55:29,749 ] pymongo.topology - DEBUG - {"message": "Server heartbeat started", "topologyId": {"$oid": "69b83600a3c17a77b3d6a1d8"}, "driverConnectionId": 1, "serverHost": "ac-p3jknmn-shard-00-02.vqv383i.mongodb.net", "serverPort": 27017, "awaited": false}
[ 2026-03-16 22:55:29,771 ] pymongo.topology - DEBUG - {"message": "Server heartbeat started", "topologyId": {"$oid": "69b83600a3c17a77b3d6a1d8"}, "driverConnectionId": 1, "serverHost": "ac-p3jknmn-shard-00-01.vqv383i.mongodb.net", "serverPort": 27017, "awaited": false}
[ 2026-03-16 22:55:29,772 ] pymongo.topology - DEBUG - {"message": "Server heartbeat started", "topologyId": {"$oid": "69b83600a3c17a77b3d6a1d8"}, "driverConnectionId": 1, "serverHost": "ac-p3jknmn-shard-00-00.vqv383i.mongodb.net", "serverPort": 27017, "awaited": false}
[ 2026-03-16 22:55:30,055 ] pymongo.topology - DEBUG - {"message": "Server heartbeat succeeded", "topologyId": {"$oid": "69b83600a3c17a77b3d6a1d8"}, "driverConnectionId": 1, "serverConnectionId": 462258, "serverHost": "ac-p3jknmn-shard-00-02.vqv383i.mongodb.net", "serverPort": 27017, "awaited": false, "durationMS": 296.99999999138527, "reply": "{\"helloOk\": true, \"topologyVersion\": {\"processId\": {\"$oid\": \"69b314da23f24064fa96dcde\"}, \"counter\": 3}, \"hosts\": [\"ac-p3jknmn-shard-00-00.vqv383i.mongodb.net:27017\", \"ac-p3jknmn-shard-00-01.vqv383i.mongodb.net:27017\", \"ac-p3jknmn-shard-00-02.vqv383i.mongodb.net:27017\"], \"setName\": \"atlas-1s6uuf-shard-0\", \"setVersion\": 119, \"secondary\": true, \"primary\": \"ac-p3jknmn-shard-00-01.vqv383i.mongodb.net:27017\", \"tags\": {\"diskState\": \"READY\", \"nodeType\": \"ELECTABLE\", \"availabilityZone\": \"use1-az2\", \"region\": \"US_EAST_1\", \"provider\": \"AWS\", \"workloadType\": \"OPERATIONAL\"}, \"me\": \"ac-p3jknmn-shard-00-02.vqv383i.mongodb.net:27017\", \"lastWrite\": {\"opTime\": {\"ts\": {\"$timestamp\": {\"t\": 1773680129, \"i\": 1}}, \"t\": 481}, \"lastWriteDate\": {\"$date\": \"2026-03-16T16:55:29Z\"}, \"majorityOpTime\": {\"ts\": {\"$timestamp\": {\"t\": 1773680129, \"i\": 1}}, \"t\": 481}, \"majorityWriteDate\": {\"$date\": \"2026-03-16T16:55:29Z\"}}, \"maxBsonObjectSize\": 16777216, \"maxMessageSizeBytes\": 48000000, \"maxWriteBatchSize\": 100000, \"localT..."}
[ 2026-03-16 22:55:30,062 ] pymongo.connection - DEBUG - {"message": "Connection pool ready", "clientId": {"$oid": "69b83600a3c17a77b3d6a1d8"}, "serverHost": "ac-p3jknmn-shard-00-02.vqv383i.mongodb.net", "serverPort": 27017}
[ 2026-03-16 22:55:30,065 ] pymongo.topology - DEBUG - {"message": "Topology description changed", "topologyId": {"$oid": "69b83600a3c17a77b3d6a1d8"}, "previousDescription": "<TopologyDescription id: 69b83600a3c17a77b3d6a1d8, topology_type: ReplicaSetNoPrimary, servers: [<ServerDescription ('ac-p3jknmn-shard-00-00.vqv383i.mongodb.net', 27017) server_type: Unknown, rtt: None>, <ServerDescription ('ac-p3jknmn-shard-00-01.vqv383i.mongodb.net', 27017) server_type: Unknown, rtt: None>, <ServerDescription ('ac-p3jknmn-shard-00-02.vqv383i.mongodb.net', 27017) server_type: Unknown, rtt: None>]>", "newDescription": "<TopologyDescription id: 69b83600a3c17a77b3d6a1d8, topology_type: ReplicaSetNoPrimary, servers: [<ServerDescription ('ac-p3jknmn-shard-00-00.vqv383i.mongodb.net', 27017) server_type: Unknown, rtt: None>, <ServerDescription ('ac-p3jknmn-shard-00-01.vqv383i.mongodb.net', 27017) server_type: Unknown, rtt: None>, <ServerDescription ('ac-p3jknmn-shard-00-02.vqv383i.mongodb.net', 27017) server_type: RSSecondary, rtt: 0.29699999999138527>]>"}
[ 2026-03-16 22:55:30,065 ] pymongo.topology - DEBUG - {"message": "Server heartbeat started", "topologyId": {"$oid": "69b83600a3c17a77b3d6a1d8"}, "driverConnectionId": 1, "serverConnectionId": 462258, "serverHost": "ac-p3jknmn-shard-00-02.vqv383i.mongodb.net", "serverPort": 27017, "awaited": true}
[ 2026-03-16 22:55:30,085 ] pymongo.topology - DEBUG - {"message": "Server heartbeat succeeded", "topologyId": {"$oid": "69b83600a3c17a77b3d6a1d8"}, "driverConnectionId": 1, "serverConnectionId": 472028, "serverHost": "ac-p3jknmn-shard-00-00.vqv383i.mongodb.net", "serverPort": 27017, "awaited": false, "durationMS": 312.0000000053551, "reply": "{\"helloOk\": true, \"topologyVersion\": {\"processId\": {\"$oid\": \"69b30f739746872a92dfd6ba\"}, \"counter\": 4}, \"hosts\": [\"ac-p3jknmn-shard-00-00.vqv383i.mongodb.net:27017\", \"ac-p3jknmn-shard-00-01.vqv383i.mongodb.net:27017\", \"ac-p3jknmn-shard-00-02.vqv383i.mongodb.net:27017\"], \"setName\": \"atlas-1s6uuf-shard-0\", \"setVersion\": 119, \"secondary\": true, \"primary\": \"ac-p3jknmn-shard-00-01.vqv383i.mongodb.net:27017\", \"tags\": {\"availabilityZone\": \"use1-az6\", \"workloadType\": \"OPERATIONAL\", \"region\": \"US_EAST_1\", \"nodeType\": \"ELECTABLE\", \"provider\": \"AWS\", \"diskState\": \"READY\"}, \"me\": \"ac-p3jknmn-shard-00-00.vqv383i.mongodb.net:27017\", \"lastWrite\": {\"opTime\": {\"ts\": {\"$timestamp\": {\"t\": 1773680129, \"i\": 2}}, \"t\": 481}, \"lastWriteDate\": {\"$date\": \"2026-03-16T16:55:29Z\"}, \"majorityOpTime\": {\"ts\": {\"$timestamp\": {\"t\": 1773680129, \"i\": 2}}, \"t\": 481}, \"majorityWriteDate\": {\"$date\": \"2026-03-16T16:55:29Z\"}}, \"maxBsonObjectSize\": 16777216, \"maxMessageSizeBytes\": 48000000, \"maxWriteBatchSize\": 100000, \"localT..."}
[ 2026-03-16 22:55:30,085 ] pymongo.topology - DEBUG - {"message": "Server heartbeat succeeded", "topologyId": {"$oid": "69b83600a3c17a77b3d6a1d8"}, "driverConnectionId": 1, "serverConnectionId": 492860, "serverHost": "ac-p3jknmn-shard-00-01.vqv383i.mongodb.net", "serverPort": 27017, "awaited": false, "durationMS": 312.0000000053551, "reply": "{\"helloOk\": true, \"topologyVersion\": {\"processId\": {\"$oid\": \"69b3124cc249c1808ada41a7\"}, \"counter\": 6}, \"hosts\": [\"ac-p3jknmn-shard-00-00.vqv383i.mongodb.net:27017\", \"ac-p3jknmn-shard-00-01.vqv383i.mongodb.net:27017\", \"ac-p3jknmn-shard-00-02.vqv383i.mongodb.net:27017\"], \"setName\": \"atlas-1s6uuf-shard-0\", \"setVersion\": 119, \"ismaster\": true, \"primary\": \"ac-p3jknmn-shard-00-01.vqv383i.mongodb.net:27017\", \"tags\": {\"availabilityZone\": \"use1-az1\", \"region\": \"US_EAST_1\", \"nodeType\": \"ELECTABLE\", \"provider\": \"AWS\", \"workloadType\": \"OPERATIONAL\", \"diskState\": \"READY\"}, \"me\": \"ac-p3jknmn-shard-00-01.vqv383i.mongodb.net:27017\", \"electionId\": {\"$oid\": \"7fffffff00000000000001e1\"}, \"lastWrite\": {\"opTime\": {\"ts\": {\"$timestamp\": {\"t\": 1773680129, \"i\": 2}}, \"t\": 481}, \"lastWriteDate\": {\"$date\": \"2026-03-16T16:55:29Z\"}, \"majorityOpTime\": {\"ts\": {\"$timestamp\": {\"t\": 1773680129, \"i\": 2}}, \"t\": 481}, \"majorityWriteDate\": {\"$date\": \"2026-03-16T16:55:29Z\"}}, \"maxBsonObjectSize\": 16777216, \"maxMessageSizeByt..."}
[ 2026-03-16 22:55:30,092 ] pymongo.connection - DEBUG - {"message": "Connection pool ready", "clientId": {"$oid": "69b83600a3c17a77b3d6a1d8"}, "serverHost": "ac-p3jknmn-shard-00-00.vqv383i.mongodb.net", "serverPort": 27017}
[ 2026-03-16 22:55:30,095 ] pymongo.topology - DEBUG - {"message": "Topology description changed", "topologyId": {"$oid": "69b83600a3c17a77b3d6a1d8"}, "previousDescription": "<TopologyDescription id: 69b83600a3c17a77b3d6a1d8, topology_type: ReplicaSetNoPrimary, servers: [<ServerDescription ('ac-p3jknmn-shard-00-00.vqv383i.mongodb.net', 27017) server_type: Unknown, rtt: None>, <ServerDescription ('ac-p3jknmn-shard-00-01.vqv383i.mongodb.net', 27017) server_type: Unknown, rtt: None>, <ServerDescription ('ac-p3jknmn-shard-00-02.vqv383i.mongodb.net', 27017) server_type: RSSecondary, rtt: 0.29699999999138527>]>", "newDescription": "<TopologyDescription id: 69b83600a3c17a77b3d6a1d8, topology_type: ReplicaSetNoPrimary, servers: [<ServerDescription ('ac-p3jknmn-shard-00-00.vqv383i.mongodb.net', 27017) server_type: RSSecondary, rtt: 0.3120000000053551>, <ServerDescription ('ac-p3jknmn-shard-00-01.vqv383i.mongodb.net', 27017) server_type: Unknown, rtt: None>, <ServerDescription ('ac-p3jknmn-shard-00-02.vqv383i.mongodb.net', 27017) server_type: RSSecondary, rtt: 0.29699999999138527>]>"}
[ 2026-03-16 22:55:30,096 ] pymongo.connection - DEBUG - {"message": "Connection pool ready", "clientId": {"$oid": "69b83600a3c17a77b3d6a1d8"}, "serverHost": "ac-p3jknmn-shard-00-01.vqv383i.mongodb.net", "serverPort": 27017}
[ 2026-03-16 22:55:30,098 ] pymongo.topology - DEBUG - {"message": "Topology description changed", "topologyId": {"$oid": "69b83600a3c17a77b3d6a1d8"}, "previousDescription": "<TopologyDescription id: 69b83600a3c17a77b3d6a1d8, topology_type: ReplicaSetNoPrimary, servers: [<ServerDescription ('ac-p3jknmn-shard-00-00.vqv383i.mongodb.net', 27017) server_type: RSSecondary, rtt: 0.3120000000053551>, <ServerDescription ('ac-p3jknmn-shard-00-01.vqv383i.mongodb.net', 27017) server_type: Unknown, rtt: None>, <ServerDescription ('ac-p3jknmn-shard-00-02.vqv383i.mongodb.net', 27017) server_type: RSSecondary, rtt: 0.29699999999138527>]>", "newDescription": "<TopologyDescription id: 69b83600a3c17a77b3d6a1d8, topology_type: ReplicaSetWithPrimary, servers: [<ServerDescription ('ac-p3jknmn-shard-00-00.vqv383i.mongodb.net', 27017) server_type: RSSecondary, rtt: 0.3120000000053551>, <ServerDescription ('ac-p3jknmn-shard-00-01.vqv383i.mongodb.net', 27017) server_type: RSPrimary, rtt: 0.3120000000053551>, <ServerDescription ('ac-p3jknmn-shard-00-02.vqv383i.mongodb.net', 27017) server_type: RSSecondary, rtt: 0.29699999999138527>]>"}
[ 2026-03-16 22:55:30,099 ] pymongo.topology - DEBUG - {"message": "Server heartbeat started", "topologyId": {"$oid": "69b83600a3c17a77b3d6a1d8"}, "driverConnectionId": 1, "serverConnectionId": 472028, "serverHost": "ac-p3jknmn-shard-00-00.vqv383i.mongodb.net", "serverPort": 27017, "awaited": true}
[ 2026-03-16 22:55:30,099 ] pymongo.serverSelection - DEBUG - {"message": "Server selection succeeded", "selector": "Primary()", "operation": "find", "topologyDescription": "<TopologyDescription id: 69b83600a3c17a77b3d6a1d8, topology_type: ReplicaSetWithPrimary, servers: [<ServerDescription ('ac-p3jknmn-shard-00-00.vqv383i.mongodb.net', 27017) server_type: RSSecondary, rtt: 0.3120000000053551>, <ServerDescription ('ac-p3jknmn-shard-00-01.vqv383i.mongodb.net', 27017) server_type: RSPrimary, rtt: 0.3120000000053551>, <ServerDescription ('ac-p3jknmn-shard-00-02.vqv383i.mongodb.net', 27017) server_type: RSSecondary, rtt: 0.29699999999138527>]>", "clientId": {"$oid": "69b83600a3c17a77b3d6a1d8"}, "serverHost": "ac-p3jknmn-shard-00-01.vqv383i.mongodb.net", "serverPort": 27017}
[ 2026-03-16 22:55:30,103 ] pymongo.topology - DEBUG - {"message": "Server heartbeat started", "topologyId": {"$oid": "69b83600a3c17a77b3d6a1d8"}, "driverConnectionId": 1, "serverConnectionId": 492860, "serverHost": "ac-p3jknmn-shard-00-01.vqv383i.mongodb.net", "serverPort": 27017, "awaited": true}
[ 2026-03-16 22:55:30,103 ] pymongo.connection - DEBUG - {"message": "Connection checkout started", "clientId": {"$oid": "69b83600a3c17a77b3d6a1d8"}, "serverHost": "ac-p3jknmn-shard-00-01.vqv383i.mongodb.net", "serverPort": 27017}
[ 2026-03-16 22:55:30,105 ] pymongo.connection - DEBUG - {"message": "Connection created", "clientId": {"$oid": "69b83600a3c17a77b3d6a1d8"}, "serverHost": "ac-p3jknmn-shard-00-01.vqv383i.mongodb.net", "serverPort": 27017, "driverConnectionId": 1}
[ 2026-03-16 22:55:31,795 ] pymongo.connection - DEBUG - {"message": "Connection ready", "clientId": {"$oid": "69b83600a3c17a77b3d6a1d8"}, "serverHost": "ac-p3jknmn-shard-00-01.vqv383i.mongodb.net", "serverPort": 27017, "driverConnectionId": 1, "durationMS": 1.0}
[ 2026-03-16 22:55:31,798 ] pymongo.connection - DEBUG - {"message": "Connection checked out", "clientId": {"$oid": "69b83600a3c17a77b3d6a1d8"}, "serverHost": "ac-p3jknmn-shard-00-01.vqv383i.mongodb.net", "serverPort": 27017, "driverConnectionId": 1, "durationMS": 1.702999999979511}
[ 2026-03-16 22:55:31,798 ] pymongo.command - DEBUG - {"message": "Command started", "clientId": {"$oid": "69b83600a3c17a77b3d6a1d8"}, "command": "{\"find\": \"CareerMLOPS-Data\", \"lsid\": {\"id\": {\"$binary\": {\"base64\": \"L1moY4YvR7yjoRGgBv05Zg==\", \"subType\": \"04\"}}}, \"$clusterTime\": {\"clusterTime\": {\"$timestamp\": {\"t\": 1773680130, \"i\": 5}}, \"signature\": {\"hash\": {\"$binary\": {\"base64\": \"fBz8lHW1L6hULuDtqrTQ7+FI5Qw=\", \"subType\": \"00\"}}, \"keyId\": 7563759479263592459}}, \"$db\": \"CareerSwitchPredictionMLOPS\"}", "commandName": "find", "databaseName": "CareerSwitchPredictionMLOPS", "requestId": 26500, "operationId": 26500, "driverConnectionId": 1, "serverConnectionId": 492855, "serverHost": "ac-p3jknmn-shard-00-01.vqv383i.mongodb.net", "serverPort": 27017}
[ 2026-03-16 22:55:32,437 ] pymongo.command - DEBUG - {"message": "Command succeeded", "clientId": {"$oid": "69b83600a3c17a77b3d6a1d8"}, "durationMS": 638.865, "reply": "{\"cursor\": {\"firstBatch\": [{\"_id\": {\"$oid\": \"69b3ea2d389582d477ef89bf\"}, \"enrollee_id\": 8949, \"city\": \"city_103\", \"city_development_index\": 0.92, \"gender\": \"Male\", \"relevent_experience\": \"Has relevent experience\", \"enrolled_university\": \"no_enrollment\", \"education_level\": \"Graduate\", \"major_discipline\": \"STEM\", \"experience\": \">20\", \"company_size\": {\"$numberDouble\": \"NaN\"}, \"company_type\": {\"$numberDouble\": \"NaN\"}, \"last_new_job\": \"1\", \"training_hours\": 36, \"will_change_career\": 1}, {\"_id\": {\"$oid\": \"69b3ea2d389582d477ef89c0\"}, \"enrollee_id\": 29725, \"city\": \"city_40\", \"city_development_index\": 0.7759999999999999, \"gender\": \"Male\", \"relevent_experience\": \"No relevent experience\", \"enrolled_university\": \"no_enrollment\", \"education_level\": \"Graduate\", \"major_discipline\": \"STEM\", \"experience\": \"15\", \"company_size\": \"50-99\", \"company_type\": \"Pvt Ltd\", \"last_new_job\": \">4\", \"training_hours\": 47}, {\"_id\": {\"$oid\": \"69b3ea2d389582d477ef89c1\"}, \"enrollee_id\": 11561, \"city\": \"city_21\", \"city_deve...", "commandName": "find", "databaseName": "CareerSwitchPredictionMLOPS", "requestId": 26500, "operationId": 26500, "driverConnectionId": 1, "serverConnectionId": 492855, "serverHost": "ac-p3jknmn-shard-00-01.vqv383i.mongodb.net", "serverPort": 27017}
[ 2026-03-16 22:55:32,437 ] pymongo.connection - DEBUG - {"message": "Connection checked in", "clientId": {"$oid": "69b83600a3c17a77b3d6a1d8"}, "serverHost": "ac-p3jknmn-shard-00-01.vqv383i.mongodb.net", "serverPort": 27017, "driverConnectionId": 1}
[ 2026-03-16 22:55:32,437 ] pymongo.serverSelection - DEBUG - {"message": "Server selection started", "selector": "<function any_server_selector at 0x0000021AB14CFE20>", "operation": "getMore", "topologyDescription": "<TopologyDescription id: 69b83600a3c17a77b3d6a1d8, topology_type: ReplicaSetWithPrimary, servers: [<ServerDescription ('ac-p3jknmn-shard-00-00.vqv383i.mongodb.net', 27017) server_type: RSSecondary, rtt: 0.3120000000053551>, <ServerDescription ('ac-p3jknmn-shard-00-01.vqv383i.mongodb.net', 27017) server_type: RSPrimary, rtt: 0.3120000000053551>, <ServerDescription ('ac-p3jknmn-shard-00-02.vqv383i.mongodb.net', 27017) server_type: RSSecondary, rtt: 0.29699999999138527>]>", "clientId": {"$oid": "69b83600a3c17a77b3d6a1d8"}}
[ 2026-03-16 22:55:32,443 ] pymongo.serverSelection - DEBUG - {"message": "Server selection succeeded", "selector": "<function any_server_selector at 0x0000021AB14CFE20>", "operation": "getMore", "topologyDescription": "<TopologyDescription id: 69b83600a3c17a77b3d6a1d8, topology_type: ReplicaSetWithPrimary, servers: [<ServerDescription ('ac-p3jknmn-shard-00-00.vqv383i.mongodb.net', 27017) server_type: RSSecondary, rtt: 0.3120000000053551>, <ServerDescription ('ac-p3jknmn-shard-00-01.vqv383i.mongodb.net', 27017) server_type: RSPrimary, rtt: 0.3120000000053551>, <ServerDescription ('ac-p3jknmn-shard-00-02.vqv383i.mongodb.net', 27017) server_type: RSSecondary, rtt: 0.29699999999138527>]>", "clientId": {"$oid": "69b83600a3c17a77b3d6a1d8"}, "serverHost": "ac-p3jknmn-shard-00-01.vqv383i.mongodb.net", "serverPort": 27017}
[ 2026-03-16 22:55:32,445 ] pymongo.connection - DEBUG - {"message": "Connection checkout started", "clientId": {"$oid": "69b83600a3c17a77b3d6a1d8"}, "serverHost": "ac-p3jknmn-shard-00-01.vqv383i.mongodb.net", "serverPort": 27017}
[ 2026-03-16 22:55:32,445 ] pymongo.connection - DEBUG - {"message": "Connection checked out", "clientId": {"$oid": "69b83600a3c17a77b3d6a1d8"}, "serverHost": "ac-p3jknmn-shard-00-01.vqv383i.mongodb.net", "serverPort": 27017, "driverConnectionId": 1, "durationMS": 0.0}
[ 2026-03-16 22:55:32,447 ] pymongo.command - DEBUG - {"message": "Command started", "clientId": {"$oid": "69b83600a3c17a77b3d6a1d8"}, "command": "{\"getMore\": 4035991646086224755, \"collection\": \"CareerMLOPS-Data\", \"lsid\": {\"id\": {\"$binary\": {\"base64\": \"L1moY4YvR7yjoRGgBv05Zg==\", \"subType\": \"04\"}}}, \"$clusterTime\": {\"clusterTime\": {\"$timestamp\": {\"t\": 1773680131, \"i\": 4}}, \"signature\": {\"hash\": {\"$binary\": {\"base64\": \"ix/5kKYh5qVJFQ9phHAy4jfw2Zo=\", \"subType\": \"00\"}}, \"keyId\": 7563759479263592459}}, \"$db\": \"CareerSwitchPredictionMLOPS\"}", "commandName": "getMore", "databaseName": "CareerSwitchPredictionMLOPS", "requestId": 19169, "operationId": 19169, "driverConnectionId": 1, "serverConnectionId": 492855, "serverHost": "ac-p3jknmn-shard-00-01.vqv383i.mongodb.net", "serverPort": 27017}
[ 2026-03-16 22:55:37,628 ] pymongo.command - DEBUG - {"message": "Command succeeded", "clientId": {"$oid": "69b83600a3c17a77b3d6a1d8"}, "durationMS": 5182.026, "reply": "{\"cursor\": {\"nextBatch\": [{\"_id\": {\"$oid\": \"69b3ea2d389582d477ef8a24\"}, \"enrollee_id\": 14672, \"city\": \"city_173\", \"city_development_index\": 0.878, \"gender\": {\"$numberDouble\": \"NaN\"}, \"relevent_experience\": \"No relevent experience\", \"enrolled_university\": \"no_enrollment\", \"education_level\": \"Masters\", \"major_discipline\": \"STEM\", \"experience\": \">20\", \"company_size\": {\"$numberDouble\": \"NaN\"}, \"company_type\": {\"$numberDouble\": \"NaN\"}, \"last_new_job\": \"1\", \"training_hours\": 150}, {\"_id\": {\"$oid\": \"69b3ea2d389582d477ef8a25\"}, \"enrollee_id\": 18257, \"city\": \"city_103\", \"city_development_index\": 0.92, \"gender\": \"Female\", \"relevent_experience\": \"Has relevent experience\", \"enrolled_university\": \"no_enrollment\", \"education_level\": \"Graduate\", \"major_discipline\": \"STEM\", \"experience\": \"11\", \"company_size\": \"500-999\", \"company_type\": \"NGO\", \"last_new_job\": \">4\", \"training_hours\": 20}, {\"_id\": {\"$oid\": \"69b3ea2d389582d477ef8a26\"}, \"enrollee_id\": 24493, \"city\": \"city_103\", \"city_development_index\": 0....", "commandName": "getMore", "databaseName": "CareerSwitchPredictionMLOPS", "requestId": 19169, "operationId": 19169, "driverConnectionId": 1, "serverConnectionId": 492855, "serverHost": "ac-p3jknmn-shard-00-01.vqv383i.mongodb.net", "serverPort": 27017}
[ 2026-03-16 22:55:37,629 ] pymongo.connection - DEBUG - {"message": "Connection checked in", "clientId": {"$oid": "69b83600a3c17a77b3d6a1d8"}, "serverHost": "ac-p3jknmn-shard-00-01.vqv383i.mongodb.net", "serverPort": 27017, "driverConnectionId": 1}
[ 2026-03-16 22:55:37,706 ] root - INFO - Shape of dataframe: (5000, 14)
[ 2026-03-16 22:55:37,707 ] root - INFO - Saving exported data into feature store file path: artifact\03_16_2026_22_55_24\data_ingestion\feature_store\Career_Switch_Prediction_Dataset.csv
[ 2026-03-16 22:55:37,824 ] root - INFO - Got the data from mongodb
[ 2026-03-16 22:55:37,824 ] root - INFO - Entered split_data_as_train_test method of Data_Ingestion class
[ 2026-03-16 22:55:37,842 ] root - INFO - Performed train test split on the dataframe 
[ 2026-03-16 22:55:37,845 ] root - INFO - Exporting train and test file path.
[ 2026-03-16 22:55:37,888 ] root - INFO - Exported train and test file path and exited from split_data_as_train_test method of Data_Ingestion class.
[ 2026-03-16 22:55:37,890 ] root - INFO - Data ingestion artifact: DataIngestionArtifact(trained_file_path='artifact\\03_16_2026_22_55_24\\data_ingestion\\ingested\\train.csv', test_file_path='artifact\\03_16_2026_22_55_24\\data_ingestion\\ingested\\test.csv')
[ 2026-03-16 22:55:37,894 ] root - INFO - Got the train_set and test_set from mongodb
[ 2026-03-16 22:55:37,894 ] root - INFO - Entered the start_data_validation method of TrainPipeline class
[ 2026-03-16 22:55:37,900 ] root - INFO - Starting data validation
[ 2026-03-16 22:55:37,985 ] root - INFO - Is required column present: [True]
[ 2026-03-16 22:55:37,989 ] root - INFO - All required columns present in train df
[ 2026-03-16 22:55:37,989 ] root - INFO - Is required column present: [True]
[ 2026-03-16 22:55:37,989 ] root - INFO - All required columns present in test df
[ 2026-03-16 22:55:37,994 ] root - INFO - All categorical/int columns present in train df: True
[ 2026-03-16 22:55:37,996 ] root - INFO - All categorical/int columns present in test df: True
[ 2026-03-16 22:55:37,998 ] root - INFO - Data validation artifact created and saved to JSON file.
[ 2026-03-16 22:55:38,000 ] root - INFO - Data validation artifact: DataValidationArtifact(validation_status=True, message='', validation_report_file_path='artifact\\03_16_2026_22_55_24\\data_validation\\report.yaml')
[ 2026-03-16 22:55:38,002 ] root - INFO - Performed the data validation operation and exiting
[ 2026-03-16 22:55:38,012 ] root - INFO - Data Transformation Started !!!
[ 2026-03-16 22:55:38,043 ] root - INFO - Train-Test data loaded
[ 2026-03-16 22:55:38,045 ] root - INFO - Input and Target cols defined for both train and test df.
[ 2026-03-16 22:55:38,045 ] root - INFO - fixing city column
[ 2026-03-16 22:55:38,050 ] root - INFO - Mapping 'Relevant_Experience' column to binary values
[ 2026-03-16 22:55:38,054 ] root - INFO - Fixing 'Experience' column by replacing '>20' with 21 and '<1' with 0
[ 2026-03-16 22:55:38,058 ] root - INFO - Fixing 'Company_Size' column by replacing '10000+' with 10000-20000 and 'Oct-49' with 10-49 and '<10' with 1-9
[ 2026-03-16 22:55:38,061 ] root - INFO - Splitting 'Company_Size' column into 'Company_Size_Min' and 'Company_Size_Max'
[ 2026-03-16 22:55:38,079 ] root - INFO - Mapping 'last_new_job' column to numeric values, replacing 'never' with 0 and '>4' with 4
[ 2026-03-16 22:55:38,084 ] root - INFO - fixing city column
[ 2026-03-16 22:55:38,089 ] root - INFO - Mapping 'Relevant_Experience' column to binary values
[ 2026-03-16 22:55:38,090 ] root - INFO - Fixing 'Experience' column by replacing '>20' with 21 and '<1' with 0
[ 2026-03-16 22:55:38,094 ] root - INFO - Fixing 'Company_Size' column by replacing '10000+' with 10000-20000 and 'Oct-49' with 10-49 and '<10' with 1-9
[ 2026-03-16 22:55:38,095 ] root - INFO - Splitting 'Company_Size' column into 'Company_Size_Min' and 'Company_Size_Max'
[ 2026-03-16 22:55:38,097 ] root - INFO - Mapping 'last_new_job' column to numeric values, replacing 'never' with 0 and '>4' with 4
[ 2026-03-16 22:55:38,105 ] root - INFO - Custom transformations applied to train and test data
[ 2026-03-16 22:55:38,107 ] root - INFO - Starting data transformation
[ 2026-03-16 22:55:38,107 ] root - INFO - get_data_transformer_object
[ 2026-03-16 22:55:38,109 ] root - INFO - pipeline creation done
[ 2026-03-16 22:55:38,109 ] root - INFO - Got the preprocessor object
[ 2026-03-16 22:55:38,109 ] root - INFO - Initializing transformation for Training-data
[ 2026-03-16 22:55:38,239 ] root - INFO - Initializing transformation for Testing-data
[ 2026-03-16 22:55:38,257 ] root - INFO - Transformation done end to end to train-test df.
[ 2026-03-16 22:55:38,257 ] root - INFO - Applying SMOTEENN for handling imbalanced dataset.
[ 2026-03-16 22:55:40,384 ] pymongo.topology - DEBUG - {"message": "Server heartbeat succeeded", "topologyId": {"$oid": "69b83600a3c17a77b3d6a1d8"}, "driverConnectionId": 1, "serverConnectionId": 462256, "serverHost": "ac-p3jknmn-shard-00-02.vqv383i.mongodb.net", "serverPort": 27017, "awaited": true, "durationMS": 10312.999999994645, "reply": "{\"topologyVersion\": {\"processId\": {\"$oid\": \"69b314da23f24064fa96dcde\"}, \"counter\": 3}, \"hosts\": [\"ac-p3jknmn-shard-00-00.vqv383i.mongodb.net:27017\", \"ac-p3jknmn-shard-00-01.vqv383i.mongodb.net:27017\", \"ac-p3jknmn-shard-00-02.vqv383i.mongodb.net:27017\"], \"setName\": \"atlas-1s6uuf-shard-0\", \"setVersion\": 119, \"secondary\": true, \"primary\": \"ac-p3jknmn-shard-00-01.vqv383i.mongodb.net:27017\", \"tags\": {\"diskState\": \"READY\", \"nodeType\": \"ELECTABLE\", \"availabilityZone\": \"use1-az2\", \"region\": \"US_EAST_1\", \"provider\": \"AWS\", \"workloadType\": \"OPERATIONAL\"}, \"me\": \"ac-p3jknmn-shard-00-02.vqv383i.mongodb.net:27017\", \"lastWrite\": {\"opTime\": {\"ts\": {\"$timestamp\": {\"t\": 1773680139, \"i\": 9}}, \"t\": 481}, \"lastWriteDate\": {\"$date\": \"2026-03-16T16:55:39Z\"}, \"majorityOpTime\": {\"ts\": {\"$timestamp\": {\"t\": 1773680139, \"i\": 9}}, \"t\": 481}, \"majorityWriteDate\": {\"$date\": \"2026-03-16T16:55:39Z\"}}, \"maxBsonObjectSize\": 16777216, \"maxMessageSizeBytes\": 48000000, \"maxWriteBatchSize\": 100000, \"localTime\": {\"$date\": \"..."}
[ 2026-03-16 22:55:40,388 ] pymongo.topology - DEBUG - {"message": "Server heartbeat started", "topologyId": {"$oid": "69b83600a3c17a77b3d6a1d8"}, "driverConnectionId": 1, "serverConnectionId": 462256, "serverHost": "ac-p3jknmn-shard-00-02.vqv383i.mongodb.net", "serverPort": 27017, "awaited": true}
[ 2026-03-16 22:55:40,422 ] pymongo.topology - DEBUG - {"message": "Server heartbeat succeeded", "topologyId": {"$oid": "69b83600a3c17a77b3d6a1d8"}, "driverConnectionId": 1, "serverConnectionId": 472028, "serverHost": "ac-p3jknmn-shard-00-00.vqv383i.mongodb.net", "serverPort": 27017, "awaited": true, "durationMS": 10327.99999997951, "reply": "{\"topologyVersion\": {\"processId\": {\"$oid\": \"69b30f739746872a92dfd6ba\"}, \"counter\": 4}, \"hosts\": [\"ac-p3jknmn-shard-00-00.vqv383i.mongodb.net:27017\", \"ac-p3jknmn-shard-00-01.vqv383i.mongodb.net:27017\", \"ac-p3jknmn-shard-00-02.vqv383i.mongodb.net:27017\"], \"setName\": \"atlas-1s6uuf-shard-0\", \"setVersion\": 119, \"secondary\": true, \"primary\": \"ac-p3jknmn-shard-00-01.vqv383i.mongodb.net:27017\", \"tags\": {\"availabilityZone\": \"use1-az6\", \"workloadType\": \"OPERATIONAL\", \"region\": \"US_EAST_1\", \"nodeType\": \"ELECTABLE\", \"provider\": \"AWS\", \"diskState\": \"READY\"}, \"me\": \"ac-p3jknmn-shard-00-00.vqv383i.mongodb.net:27017\", \"lastWrite\": {\"opTime\": {\"ts\": {\"$timestamp\": {\"t\": 1773680139, \"i\": 12}}, \"t\": 481}, \"lastWriteDate\": {\"$date\": \"2026-03-16T16:55:39Z\"}, \"majorityOpTime\": {\"ts\": {\"$timestamp\": {\"t\": 1773680139, \"i\": 12}}, \"t\": 481}, \"majorityWriteDate\": {\"$date\": \"2026-03-16T16:55:39Z\"}}, \"maxBsonObjectSize\": 16777216, \"maxMessageSizeBytes\": 48000000, \"maxWriteBatchSize\": 100000, \"localTime\": {\"$date\":..."}
[ 2026-03-16 22:55:40,424 ] pymongo.topology - DEBUG - {"message": "Server heartbeat started", "topologyId": {"$oid": "69b83600a3c17a77b3d6a1d8"}, "driverConnectionId": 1, "serverConnectionId": 472028, "serverHost": "ac-p3jknmn-shard-00-00.vqv383i.mongodb.net", "serverPort": 27017, "awaited": true}
[ 2026-03-16 22:55:40,427 ] pymongo.topology - DEBUG - {"message": "Server heartbeat succeeded", "topologyId": {"$oid": "69b83600a3c17a77b3d6a1d8"}, "driverConnectionId": 1, "serverConnectionId": 492857, "serverHost": "ac-p3jknmn-shard-00-01.vqv383i.mongodb.net", "serverPort": 27017, "awaited": true, "durationMS": 10327.99999997951, "reply": "{\"topologyVersion\": {\"processId\": {\"$oid\": \"69b3124cc249c1808ada41a7\"}, \"counter\": 6}, \"hosts\": [\"ac-p3jknmn-shard-00-00.vqv383i.mongodb.net:27017\", \"ac-p3jknmn-shard-00-01.vqv383i.mongodb.net:27017\", \"ac-p3jknmn-shard-00-02.vqv383i.mongodb.net:27017\"], \"setName\": \"atlas-1s6uuf-shard-0\", \"setVersion\": 119, \"isWritablePrimary\": true, \"primary\": \"ac-p3jknmn-shard-00-01.vqv383i.mongodb.net:27017\", \"tags\": {\"availabilityZone\": \"use1-az1\", \"region\": \"US_EAST_1\", \"diskState\": \"READY\", \"provider\": \"AWS\", \"nodeType\": \"ELECTABLE\", \"workloadType\": \"OPERATIONAL\"}, \"me\": \"ac-p3jknmn-shard-00-01.vqv383i.mongodb.net:27017\", \"electionId\": {\"$oid\": \"7fffffff00000000000001e1\"}, \"lastWrite\": {\"opTime\": {\"ts\": {\"$timestamp\": {\"t\": 1773680139, \"i\": 12}}, \"t\": 481}, \"lastWriteDate\": {\"$date\": \"2026-03-16T16:55:39Z\"}, \"majorityOpTime\": {\"ts\": {\"$timestamp\": {\"t\": 1773680139, \"i\": 12}}, \"t\": 481}, \"majorityWriteDate\": {\"$date\": \"2026-03-16T16:55:39Z\"}}, \"maxBsonObjectSize\": 16777216, \"maxMessageSizeBytes\": 4..."}
[ 2026-03-16 22:55:40,428 ] pymongo.topology - DEBUG - {"message": "Server heartbeat started", "topologyId": {"$oid": "69b83600a3c17a77b3d6a1d8"}, "driverConnectionId": 1, "serverConnectionId": 492857, "serverHost": "ac-p3jknmn-shard-00-01.vqv383i.mongodb.net", "serverPort": 27017, "awaited": true}
[ 2026-03-16 22:55:43,279 ] root - INFO - SMOTEENN applied to train-test df.
[ 2026-03-16 22:55:43,279 ] root - INFO - feature-target concatenation done for train-test df.
[ 2026-03-16 22:55:43,279 ] root - INFO - Entered the save_object method of utils
[ 2026-03-16 22:55:43,287 ] root - INFO - Exited the save_object method of utils
[ 2026-03-16 22:55:43,291 ] root - INFO - Saving transformation object and transformed files.
[ 2026-03-16 22:55:43,291 ] root - INFO - Data transformation completed successfully
[ 2026-03-16 22:55:43,293 ] root - INFO - Entered initiate_model_trainer method of ModelTrainer class
[ 2026-03-16 22:55:43,319 ] root - INFO - train-test data loaded
[ 2026-03-16 22:55:43,319 ] root - INFO - Training decision tree
[ 2026-03-16 22:55:43,319 ] root - INFO - Model training going on...
[ 2026-03-16 22:55:43,350 ] root - INFO - Model training done.
[ 2026-03-16 22:55:43,368 ] root - INFO - Model object and artifact loaded.
[ 2026-03-16 22:55:43,397 ] root - INFO - Preprocessing obj loaded.
[ 2026-03-16 22:55:43,399 ] root - INFO - Saving new model as performace is better than previous one.
[ 2026-03-16 22:55:43,401 ] root - INFO - Entered the save_object method of utils
[ 2026-03-16 22:55:43,419 ] root - INFO - Exited the save_object method of utils
[ 2026-03-16 22:55:43,419 ] root - INFO - Saved final model object with preprocessing and the trained model
[ 2026-03-16 22:55:43,421 ] root - INFO - Model trainer artifact: ModelTrainerArtifact(trained_model_file_path='artifact\\03_16_2026_22_55_24\\model_trainer\\trained_model\\model.pkl', metric_artifact=ClassificationMetricArtifact(f1_score=0.8528974739970282, precision_score=0.9318181818181818, recall_score=0.7863013698630137, accuracy_score=0.835956917978459, auc_roc_score=0.8491255276988025))
[ 2026-03-16 22:55:43,423 ] root - INFO - Initialized Model Evaluation Component.
[ 2026-03-16 22:55:43,437 ] root - INFO - Test data loaded and now transforming it for prediction...
[ 2026-03-16 22:55:43,440 ] root - INFO - fixing city column
[ 2026-03-16 22:55:43,445 ] root - INFO - Mapping 'Relevant_Experience' column to binary values
[ 2026-03-16 22:55:43,448 ] root - INFO - Fixing 'Experience' column by replacing '>20' with 21 and '<1' with 0
[ 2026-03-16 22:55:43,452 ] root - INFO - Fixing 'Company_Size' column by replacing '10000+' with 10000-20000 and 'Oct-49' with 10-49 and '<10' with 1-9
[ 2026-03-16 22:55:43,452 ] root - INFO - Splitting 'Company_Size' column into 'Company_Size_Min' and 'Company_Size_Max'
[ 2026-03-16 22:55:43,461 ] root - INFO - Mapping 'last_new_job' column to numeric values, replacing 'never' with 0 and '>4' with 4
[ 2026-03-16 22:55:43,468 ] root - INFO - Test data transformed successfully.
[ 2026-03-16 22:55:43,490 ] root - INFO - Trained model loaded/exists.
[ 2026-03-16 22:55:43,490 ] root - INFO - F1_Score for this model: 0.8528974739970282
[ 2026-03-16 22:55:43,492 ] botocore.hooks - DEBUG - Changing event name from creating-client-class.iot-data to creating-client-class.iot-data-plane
[ 2026-03-16 22:55:43,492 ] botocore.hooks - DEBUG - Changing event name from before-call.apigateway to before-call.api-gateway
[ 2026-03-16 22:55:43,495 ] botocore.hooks - DEBUG - Changing event name from request-created.machinelearning.Predict to request-created.machine-learning.Predict
[ 2026-03-16 22:55:43,495 ] botocore.hooks - DEBUG - Changing event name from before-parameter-build.autoscaling.CreateLaunchConfiguration to before-parameter-build.auto-scaling.CreateLaunchConfiguration
[ 2026-03-16 22:55:43,495 ] botocore.hooks - DEBUG - Changing event name from before-parameter-build.route53 to before-parameter-build.route-53
[ 2026-03-16 22:55:43,495 ] botocore.hooks - DEBUG - Changing event name from request-created.cloudsearchdomain.Search to request-created.cloudsearch-domain.Search
[ 2026-03-16 22:55:43,495 ] botocore.hooks - DEBUG - Changing event name from docs.*.autoscaling.CreateLaunchConfiguration.complete-section to docs.*.auto-scaling.CreateLaunchConfiguration.complete-section
[ 2026-03-16 22:55:43,501 ] botocore.hooks - DEBUG - Changing event name from before-parameter-build.logs.CreateExportTask to before-parameter-build.cloudwatch-logs.CreateExportTask
[ 2026-03-16 22:55:43,501 ] botocore.hooks - DEBUG - Changing event name from docs.*.logs.CreateExportTask.complete-section to docs.*.cloudwatch-logs.CreateExportTask.complete-section
[ 2026-03-16 22:55:43,501 ] botocore.hooks - DEBUG - Changing event name from before-parameter-build.cloudsearchdomain.Search to before-parameter-build.cloudsearch-domain.Search
[ 2026-03-16 22:55:43,502 ] botocore.hooks - DEBUG - Changing event name from docs.*.cloudsearchdomain.Search.complete-section to docs.*.cloudsearch-domain.Search.complete-section
[ 2026-03-16 22:55:43,576 ] botocore.loaders - DEBUG - Loading JSON file: D:\Data Science\Project\career\Lib\site-packages\boto3\data\s3\2006-03-01\resources-1.json
[ 2026-03-16 22:55:43,597 ] botocore.loaders - DEBUG - Loading JSON file: D:\Data Science\Project\career\Lib\site-packages\botocore\data\endpoints.json
[ 2026-03-16 22:55:43,729 ] botocore.loaders - DEBUG - Loading JSON file: D:\Data Science\Project\career\Lib\site-packages\botocore\data\sdk-default-configuration.json
[ 2026-03-16 22:55:43,729 ] botocore.hooks - DEBUG - Event choose-service-name: calling handler <function handle_service_name_alias at 0x0000021A9E6A8A40>
[ 2026-03-16 22:55:43,828 ] botocore.loaders - DEBUG - Loading JSON file: D:\Data Science\Project\career\Lib\site-packages\botocore\data\s3\2006-03-01\service-2.json.gz
[ 2026-03-16 22:55:43,851 ] botocore.loaders - DEBUG - Loading JSON file: D:\Data Science\Project\career\Lib\site-packages\botocore\data\s3\2006-03-01\service-2.sdk-extras.json
[ 2026-03-16 22:55:43,937 ] botocore.loaders - DEBUG - Loading JSON file: D:\Data Science\Project\career\Lib\site-packages\botocore\data\s3\2006-03-01\endpoint-rule-set-1.json.gz
[ 2026-03-16 22:55:43,948 ] botocore.loaders - DEBUG - Loading JSON file: D:\Data Science\Project\career\Lib\site-packages\botocore\data\partitions.json
[ 2026-03-16 22:55:43,952 ] botocore.hooks - DEBUG - Event creating-client-class.s3: calling handler <function add_generate_presigned_post at 0x0000021A9E5F91C0>
[ 2026-03-16 22:55:43,952 ] botocore.hooks - DEBUG - Event creating-client-class.s3: calling handler <function lazy_call.<locals>._handler at 0x0000021AC3EB05E0>
[ 2026-03-16 22:55:43,953 ] botocore.hooks - DEBUG - Event creating-client-class.s3: calling handler <function add_generate_presigned_url at 0x0000021A9E5F8F40>
[ 2026-03-16 22:55:43,953 ] botocore.configprovider - DEBUG - Looking for endpoint for s3 via: environment_service
[ 2026-03-16 22:55:43,955 ] botocore.configprovider - DEBUG - Looking for endpoint for s3 via: environment_global
[ 2026-03-16 22:55:43,955 ] botocore.configprovider - DEBUG - Looking for endpoint for s3 via: config_service
[ 2026-03-16 22:55:43,955 ] botocore.configprovider - DEBUG - Looking for endpoint for s3 via: config_global
[ 2026-03-16 22:55:43,955 ] botocore.configprovider - DEBUG - No configured endpoint found.
[ 2026-03-16 22:55:43,957 ] botocore.endpoint - DEBUG - Setting s3 timeout as (60, 60)
[ 2026-03-16 22:55:43,957 ] botocore.loaders - DEBUG - Loading JSON file: D:\Data Science\Project\career\Lib\site-packages\botocore\data\_retry.json
[ 2026-03-16 22:55:43,964 ] botocore.client - DEBUG - Registering retry handlers for service: s3
[ 2026-03-16 22:55:43,965 ] botocore.utils - DEBUG - Registering S3 region redirector handler
[ 2026-03-16 22:55:43,965 ] botocore.utils - DEBUG - Registering S3Express Identity Resolver
[ 2026-03-16 22:55:43,965 ] boto3.resources.factory - DEBUG - Loading s3:s3
[ 2026-03-16 22:55:43,965 ] botocore.hooks - DEBUG - Event choose-service-name: calling handler <function handle_service_name_alias at 0x0000021A9E6A8A40>
[ 2026-03-16 22:55:43,969 ] botocore.hooks - DEBUG - Event creating-client-class.s3: calling handler <function add_generate_presigned_post at 0x0000021A9E5F91C0>
[ 2026-03-16 22:55:43,969 ] botocore.hooks - DEBUG - Event creating-client-class.s3: calling handler <function lazy_call.<locals>._handler at 0x0000021AC3EB05E0>
[ 2026-03-16 22:55:43,969 ] botocore.hooks - DEBUG - Event creating-client-class.s3: calling handler <function add_generate_presigned_url at 0x0000021A9E5F8F40>
[ 2026-03-16 22:55:43,969 ] botocore.configprovider - DEBUG - Looking for endpoint for s3 via: environment_service
[ 2026-03-16 22:55:43,969 ] botocore.configprovider - DEBUG - Looking for endpoint for s3 via: environment_global
[ 2026-03-16 22:55:43,969 ] botocore.configprovider - DEBUG - Looking for endpoint for s3 via: config_service
[ 2026-03-16 22:55:43,969 ] botocore.configprovider - DEBUG - Looking for endpoint for s3 via: config_global
[ 2026-03-16 22:55:43,969 ] botocore.configprovider - DEBUG - No configured endpoint found.
[ 2026-03-16 22:55:43,974 ] botocore.endpoint - DEBUG - Setting s3 timeout as (60, 60)
[ 2026-03-16 22:55:43,974 ] botocore.client - DEBUG - Registering retry handlers for service: s3
[ 2026-03-16 22:55:43,974 ] botocore.utils - DEBUG - Registering S3 region redirector handler
[ 2026-03-16 22:55:43,974 ] botocore.utils - DEBUG - Registering S3Express Identity Resolver
[ 2026-03-16 22:55:43,980 ] root - INFO - Entered the get_bucket method of SimpleStorageService class
[ 2026-03-16 22:55:43,980 ] boto3.resources.factory - DEBUG - Loading s3:Bucket
[ 2026-03-16 22:55:43,981 ] boto3.resources.model - DEBUG - Renaming Bucket attribute name
[ 2026-03-16 22:55:43,981 ] botocore.hooks - DEBUG - Event creating-resource-class.s3.Bucket: calling handler <function lazy_call.<locals>._handler at 0x0000021AC3E4B920>
[ 2026-03-16 22:55:43,981 ] root - INFO - Exited the get_bucket method of SimpleStorageService class
[ 2026-03-16 22:55:44,036 ] botocore.loaders - DEBUG - Loading JSON file: D:\Data Science\Project\career\Lib\site-packages\botocore\data\s3\2006-03-01\paginators-1.json
[ 2026-03-16 22:55:44,050 ] botocore.loaders - DEBUG - Loading JSON file: D:\Data Science\Project\career\Lib\site-packages\botocore\data\s3\2006-03-01\paginators-1.sdk-extras.json
[ 2026-03-16 22:55:44,055 ] boto3.resources.collection - DEBUG - Calling paginated s3:list_objects with {'Bucket': 'career-swtich-142333318099-ap-southeast-1-an', 'Prefix': 'model.pkl'}
[ 2026-03-16 22:55:44,055 ] botocore.hooks - DEBUG - Event before-parameter-build.s3.ListObjects: calling handler <function set_list_objects_encoding_type_url at 0x0000021A9E6ABB00>
[ 2026-03-16 22:55:44,055 ] botocore.hooks - DEBUG - Event before-parameter-build.s3.ListObjects: calling handler <function validate_bucket_name at 0x0000021A9E6AA660>
[ 2026-03-16 22:55:44,055 ] botocore.hooks - DEBUG - Event before-parameter-build.s3.ListObjects: calling handler <function remove_bucket_from_url_paths_from_model at 0x0000021A9E6D8A40>
[ 2026-03-16 22:55:44,058 ] botocore.hooks - DEBUG - Event before-parameter-build.s3.ListObjects: calling handler <bound method S3RegionRedirectorv2.annotate_request_context of <botocore.utils.S3RegionRedirectorv2 object at 0x0000021ACDC5B8D0>>
[ 2026-03-16 22:55:44,058 ] botocore.hooks - DEBUG - Event before-parameter-build.s3.ListObjects: calling handler <bound method ClientCreator._inject_s3_input_parameters of <botocore.client.ClientCreator object at 0x0000021AC4809A50>>
[ 2026-03-16 22:55:44,058 ] botocore.hooks - DEBUG - Event before-parameter-build.s3.ListObjects: calling handler <function generate_idempotent_uuid at 0x0000021A9E6AA480>
[ 2026-03-16 22:55:44,058 ] botocore.hooks - DEBUG - Event before-parameter-build.s3.ListObjects: calling handler <function _handle_request_validation_mode_member at 0x0000021A9E6D9120>
[ 2026-03-16 22:55:44,058 ] botocore.hooks - DEBUG - Event before-endpoint-resolution.s3: calling handler <function customize_endpoint_resolver_builtins at 0x0000021A9E6D8C20>
[ 2026-03-16 22:55:44,059 ] botocore.hooks - DEBUG - Event before-endpoint-resolution.s3: calling handler <bound method S3RegionRedirectorv2.redirect_from_cache of <botocore.utils.S3RegionRedirectorv2 object at 0x0000021ACDC5B8D0>>
[ 2026-03-16 22:55:44,059 ] botocore.regions - DEBUG - Calling endpoint provider with parameters: {'Bucket': 'career-swtich-142333318099-ap-southeast-1-an', 'Region': 'ap-southeast-1', 'UseFIPS': False, 'UseDualStack': False, 'ForcePathStyle': False, 'Accelerate': False, 'UseGlobalEndpoint': False, 'Prefix': 'model.pkl', 'DisableMultiRegionAccessPoints': False, 'UseArnRegion': True}
[ 2026-03-16 22:55:44,059 ] botocore.regions - DEBUG - Endpoint provider result: https://career-swtich-142333318099-ap-southeast-1-an.s3.ap-southeast-1.amazonaws.com
[ 2026-03-16 22:55:44,059 ] botocore.regions - DEBUG - Selecting from endpoint provider's list of auth schemes: "sigv4". User selected auth scheme is: "None"
[ 2026-03-16 22:55:44,059 ] botocore.regions - DEBUG - Selected auth type "v4" as "v4" with signing context params: {'region': 'ap-southeast-1', 'signing_name': 's3', 'disableDoubleEncoding': True}
[ 2026-03-16 22:55:44,059 ] botocore.hooks - DEBUG - Event before-call.s3.ListObjects: calling handler <function add_expect_header at 0x0000021A9E6AAA20>
[ 2026-03-16 22:55:44,059 ] botocore.hooks - DEBUG - Event before-call.s3.ListObjects: calling handler <bound method S3ExpressIdentityResolver.apply_signing_cache_key of <botocore.utils.S3ExpressIdentityResolver object at 0x0000021AC3DDFAD0>>
[ 2026-03-16 22:55:44,065 ] botocore.hooks - DEBUG - Event before-call.s3.ListObjects: calling handler <function add_recursion_detection_header at 0x0000021A9E6A8CC0>
[ 2026-03-16 22:55:44,065 ] botocore.hooks - DEBUG - Event before-call.s3.ListObjects: calling handler <function inject_api_version_header_if_needed at 0x0000021A9E6ABF60>
[ 2026-03-16 22:55:44,065 ] botocore.endpoint - DEBUG - Making request for OperationModel(name=ListObjects) with params: {'url_path': '', 'query_string': {'prefix': 'model.pkl', 'encoding-type': 'url'}, 'method': 'GET', 'headers': {'User-Agent': 'Boto3/1.42.66 md/Botocore#1.42.66 ua/2.1 os/windows#10 md/arch#amd64 lang/python#3.11.9 md/pyimpl#CPython m/Z,b,C,D,e cfg/retry-mode#legacy Botocore/1.42.66 Resource'}, 'body': b'', 'auth_path': '/career-swtich-142333318099-ap-southeast-1-an/', 'url': 'https://career-swtich-142333318099-ap-southeast-1-an.s3.ap-southeast-1.amazonaws.com/?prefix=model.pkl&encoding-type=url', 'context': {'client_region': 'ap-southeast-1', 'client_config': <botocore.config.Config object at 0x0000021AC3E74310>, 'has_streaming_input': False, 'auth_type': 'v4', 'unsigned_payload': None, 'auth_options': ['aws.auth#sigv4'], 'encoding_type_auto_set': True, 's3_redirect': {'redirected': False, 'bucket': 'career-swtich-142333318099-ap-southeast-1-an', 'params': {'Bucket': 'career-swtich-142333318099-ap-southeast-1-an', 'Prefix': 'model.pkl', 'EncodingType': 'url'}}, 'input_params': {'Bucket': 'career-swtich-142333318099-ap-southeast-1-an', 'Prefix': 'model.pkl'}, 'signing': {'region': 'ap-southeast-1', 'signing_name': 's3', 'disableDoubleEncoding': True}, 'endpoint_properties': {'authSchemes': [{'disableDoubleEncoding': True, 'name': 'sigv4', 'signingName': 's3', 'signingRegion': 'ap-southeast-1'}]}}}
[ 2026-03-16 22:55:44,066 ] botocore.hooks - DEBUG - Event request-created.s3.ListObjects: calling handler <bound method RequestSigner.handler of <botocore.signers.RequestSigner object at 0x0000021ACDC3A7D0>>
[ 2026-03-16 22:55:44,066 ] botocore.hooks - DEBUG - Event choose-signer.s3.ListObjects: calling handler <bound method ClientCreator._default_s3_presign_to_sigv2 of <botocore.client.ClientCreator object at 0x0000021AC4809A50>>
[ 2026-03-16 22:55:44,066 ] botocore.hooks - DEBUG - Event choose-signer.s3.ListObjects: calling handler <function set_operation_specific_signer at 0x0000021A9E6AA200>
[ 2026-03-16 22:55:44,066 ] botocore.hooks - DEBUG - Event before-sign.s3.ListObjects: calling handler <function remove_arn_from_signing_path at 0x0000021A9E6D8B80>
[ 2026-03-16 22:55:44,068 ] botocore.hooks - DEBUG - Event before-sign.s3.ListObjects: calling handler <function _set_extra_headers_for_unsigned_request at 0x0000021A9E6D91C0>
[ 2026-03-16 22:55:44,068 ] botocore.hooks - DEBUG - Event before-sign.s3.ListObjects: calling handler <bound method S3ExpressIdentityResolver.resolve_s3express_identity of <botocore.utils.S3ExpressIdentityResolver object at 0x0000021AC3DDFAD0>>
[ 2026-03-16 22:55:44,069 ] botocore.auth - DEBUG - Calculating signature using v4 auth.
[ 2026-03-16 22:55:44,069 ] botocore.auth - DEBUG - CanonicalRequest:
GET
/
encoding-type=url&prefix=model.pkl
host:career-swtich-142333318099-ap-southeast-1-an.s3.ap-southeast-1.amazonaws.com
x-amz-content-sha256:e3b0c44298fc1c149afbf4c8996fb92427ae41e4649b934ca495991b7852b855
x-amz-date:20260316T165544Z

host;x-amz-content-sha256;x-amz-date
e3b0c44298fc1c149afbf4c8996fb92427ae41e4649b934ca495991b7852b855
[ 2026-03-16 22:55:44,069 ] botocore.auth - DEBUG - StringToSign:
AWS4-HMAC-SHA256
20260316T165544Z
20260316/ap-southeast-1/s3/aws4_request
d7bae3b504460c4ed8209914af9db490033aa172b355e65eb6999028f29a6ed2
[ 2026-03-16 22:55:44,069 ] botocore.auth - DEBUG - Signature:
2836817628572067ac0d8d2634593ce739aef8cd89072d9358c0acb846515010
[ 2026-03-16 22:55:44,069 ] botocore.hooks - DEBUG - Event request-created.s3.ListObjects: calling handler <bound method UserAgentString.rebuild_and_replace_user_agent_handler of <botocore.useragent.UserAgentString object at 0x0000021AC3E25210>>
[ 2026-03-16 22:55:44,069 ] botocore.hooks - DEBUG - Event request-created.s3.ListObjects: calling handler <function add_retry_headers at 0x0000021A9E6D89A0>
[ 2026-03-16 22:55:44,071 ] botocore.endpoint - DEBUG - Sending http request: <AWSPreparedRequest stream_output=False, method=GET, url=https://career-swtich-142333318099-ap-southeast-1-an.s3.ap-southeast-1.amazonaws.com/?prefix=model.pkl&encoding-type=url, headers={'User-Agent': b'Boto3/1.42.66 md/Botocore#1.42.66 ua/2.1 os/windows#10 md/arch#amd64 lang/python#3.11.9 md/pyimpl#CPython m/Z,b,C,D,e cfg/retry-mode#legacy Botocore/1.42.66 Resource', 'X-Amz-Date': b'20260316T165544Z', 'X-Amz-Content-SHA256': b'e3b0c44298fc1c149afbf4c8996fb92427ae41e4649b934ca495991b7852b855', 'Authorization': b'AWS4-HMAC-SHA256 Credential=AKIASCI52CPJT3AMY5HI/20260316/ap-southeast-1/s3/aws4_request, SignedHeaders=host;x-amz-content-sha256;x-amz-date, Signature=2836817628572067ac0d8d2634593ce739aef8cd89072d9358c0acb846515010', 'amz-sdk-invocation-id': b'9f306901-a8c3-4598-be4e-46f95539cf2d', 'amz-sdk-request': b'attempt=1'}>
[ 2026-03-16 22:55:44,071 ] botocore.httpsession - DEBUG - Certificate path: D:\Data Science\Project\career\Lib\site-packages\certifi\cacert.pem
[ 2026-03-16 22:55:44,071 ] urllib3.connectionpool - DEBUG - Starting new HTTPS connection (1): career-swtich-142333318099-ap-southeast-1-an.s3.ap-southeast-1.amazonaws.com:443
[ 2026-03-16 22:55:44,763 ] urllib3.connectionpool - DEBUG - https://career-swtich-142333318099-ap-southeast-1-an.s3.ap-southeast-1.amazonaws.com:443 "GET /?prefix=model.pkl&encoding-type=url HTTP/1.1" 200 None
[ 2026-03-16 22:55:44,769 ] botocore.hooks - DEBUG - Event before-parse.s3.ListObjects: calling handler <function _handle_200_error at 0x0000021A9E6D8F40>
[ 2026-03-16 22:55:44,769 ] botocore.hooks - DEBUG - Event before-parse.s3.ListObjects: calling handler <function handle_expires_header at 0x0000021A9E6D8D60>
[ 2026-03-16 22:55:44,772 ] botocore.parsers - DEBUG - Response headers: {'x-amz-id-2': 'Ew+7VUt8uwrRUxAYIWQeHb9SX4PEfNwuCMQc1s2TwG2kDtLzI2/zvnmk0gUSlgGhMzCpqkz0czA=', 'x-amz-request-id': 'X3PHSS6VY79PNEJD', 'Date': 'Mon, 16 Mar 2026 16:55:44 GMT', 'x-amz-bucket-region': 'ap-southeast-1', 'Content-Type': 'application/xml', 'Transfer-Encoding': 'chunked', 'Server': 'AmazonS3'}
[ 2026-03-16 22:55:44,772 ] botocore.parsers - DEBUG - Response body:
b'<?xml version="1.0" encoding="UTF-8"?>\n<ListBucketResult xmlns="http://s3.amazonaws.com/doc/2006-03-01/"><Name>career-swtich-142333318099-ap-southeast-1-an</Name><Prefix>model.pkl</Prefix><Marker></Marker><MaxKeys>1000</MaxKeys><EncodingType>url</EncodingType><IsTruncated>false</IsTruncated><Contents><Key>model.pkl</Key><LastModified>2026-03-16T13:44:38.000Z</LastModified><ETag>&quot;1e5ff0c798146912d2fe58ee6c214de4&quot;</ETag><ChecksumAlgorithm>CRC32</ChecksumAlgorithm><ChecksumType>FULL_OBJECT</ChecksumType><Size>12457</Size><Owner><ID>cc0d4ef5a03431e5896acb50a73153b816a51431d3c50e9eface818dac95f8ca</ID></Owner><StorageClass>STANDARD</StorageClass></Contents></ListBucketResult>'
[ 2026-03-16 22:55:44,777 ] botocore.hooks - DEBUG - Event needs-retry.s3.ListObjects: calling handler <function _update_status_code at 0x0000021A9E6D9080>
[ 2026-03-16 22:55:44,778 ] botocore.hooks - DEBUG - Event needs-retry.s3.ListObjects: calling handler <botocore.retryhandler.RetryHandler object at 0x0000021AC3E2BA50>
[ 2026-03-16 22:55:44,779 ] botocore.retryhandler - DEBUG - No retry needed.
[ 2026-03-16 22:55:44,779 ] botocore.hooks - DEBUG - Event needs-retry.s3.ListObjects: calling handler <bound method S3RegionRedirectorv2.redirect_from_error of <botocore.utils.S3RegionRedirectorv2 object at 0x0000021ACDC5B8D0>>
[ 2026-03-16 22:55:44,780 ] botocore.hooks - DEBUG - Event after-call.s3.ListObjects: calling handler <function decode_list_object at 0x0000021A9E6ABBA0>
[ 2026-03-16 22:55:44,782 ] boto3.resources.factory - DEBUG - Loading s3:ObjectSummary
[ 2026-03-16 22:55:44,783 ] boto3.resources.model - DEBUG - Renaming ObjectSummary attribute key
[ 2026-03-16 22:55:44,784 ] botocore.hooks - DEBUG - Event creating-resource-class.s3.ObjectSummary: calling handler <function lazy_call.<locals>._handler at 0x0000021AC3E4BA60>
[ 2026-03-16 22:55:44,787 ] root - INFO - Computing F1_Score for production model..
[ 2026-03-16 22:55:44,787 ] root - INFO - Entered the get_file_object method
[ 2026-03-16 22:55:44,789 ] root - INFO - Entered the get_bucket method of SimpleStorageService class
[ 2026-03-16 22:55:44,790 ] boto3.resources.factory - DEBUG - Loading s3:Bucket
[ 2026-03-16 22:55:44,790 ] boto3.resources.model - DEBUG - Renaming Bucket attribute name
[ 2026-03-16 22:55:44,793 ] botocore.hooks - DEBUG - Event creating-resource-class.s3.Bucket: calling handler <function lazy_call.<locals>._handler at 0x0000021AC3E4B920>
[ 2026-03-16 22:55:44,794 ] root - INFO - Exited the get_bucket method of SimpleStorageService class
[ 2026-03-16 22:55:44,795 ] boto3.resources.collection - DEBUG - Calling paginated s3:list_objects with {'Bucket': 'career-swtich-142333318099-ap-southeast-1-an', 'Prefix': 'model.pkl'}
[ 2026-03-16 22:55:44,795 ] botocore.hooks - DEBUG - Event before-parameter-build.s3.ListObjects: calling handler <function set_list_objects_encoding_type_url at 0x0000021A9E6ABB00>
[ 2026-03-16 22:55:44,798 ] botocore.hooks - DEBUG - Event before-parameter-build.s3.ListObjects: calling handler <function validate_bucket_name at 0x0000021A9E6AA660>
[ 2026-03-16 22:55:44,798 ] botocore.hooks - DEBUG - Event before-parameter-build.s3.ListObjects: calling handler <function remove_bucket_from_url_paths_from_model at 0x0000021A9E6D8A40>
[ 2026-03-16 22:55:44,799 ] botocore.hooks - DEBUG - Event before-parameter-build.s3.ListObjects: calling handler <bound method S3RegionRedirectorv2.annotate_request_context of <botocore.utils.S3RegionRedirectorv2 object at 0x0000021ACDC5B8D0>>
[ 2026-03-16 22:55:44,799 ] botocore.hooks - DEBUG - Event before-parameter-build.s3.ListObjects: calling handler <bound method ClientCreator._inject_s3_input_parameters of <botocore.client.ClientCreator object at 0x0000021AC4809A50>>
[ 2026-03-16 22:55:44,799 ] botocore.hooks - DEBUG - Event before-parameter-build.s3.ListObjects: calling handler <function generate_idempotent_uuid at 0x0000021A9E6AA480>
[ 2026-03-16 22:55:44,799 ] botocore.hooks - DEBUG - Event before-parameter-build.s3.ListObjects: calling handler <function _handle_request_validation_mode_member at 0x0000021A9E6D9120>
[ 2026-03-16 22:55:44,801 ] botocore.hooks - DEBUG - Event before-endpoint-resolution.s3: calling handler <function customize_endpoint_resolver_builtins at 0x0000021A9E6D8C20>
[ 2026-03-16 22:55:44,801 ] botocore.hooks - DEBUG - Event before-endpoint-resolution.s3: calling handler <bound method S3RegionRedirectorv2.redirect_from_cache of <botocore.utils.S3RegionRedirectorv2 object at 0x0000021ACDC5B8D0>>
[ 2026-03-16 22:55:44,802 ] botocore.regions - DEBUG - Calling endpoint provider with parameters: {'Bucket': 'career-swtich-142333318099-ap-southeast-1-an', 'Region': 'ap-southeast-1', 'UseFIPS': False, 'UseDualStack': False, 'ForcePathStyle': False, 'Accelerate': False, 'UseGlobalEndpoint': False, 'Prefix': 'model.pkl', 'DisableMultiRegionAccessPoints': False, 'UseArnRegion': True}
[ 2026-03-16 22:55:44,802 ] botocore.regions - DEBUG - Endpoint provider result: https://career-swtich-142333318099-ap-southeast-1-an.s3.ap-southeast-1.amazonaws.com
[ 2026-03-16 22:55:44,802 ] botocore.regions - DEBUG - Selecting from endpoint provider's list of auth schemes: "sigv4". User selected auth scheme is: "None"
[ 2026-03-16 22:55:44,802 ] botocore.regions - DEBUG - Selected auth type "v4" as "v4" with signing context params: {'region': 'ap-southeast-1', 'signing_name': 's3', 'disableDoubleEncoding': True}
[ 2026-03-16 22:55:44,803 ] botocore.hooks - DEBUG - Event before-call.s3.ListObjects: calling handler <function add_expect_header at 0x0000021A9E6AAA20>
[ 2026-03-16 22:55:44,803 ] botocore.hooks - DEBUG - Event before-call.s3.ListObjects: calling handler <bound method S3ExpressIdentityResolver.apply_signing_cache_key of <botocore.utils.S3ExpressIdentityResolver object at 0x0000021AC3DDFAD0>>
[ 2026-03-16 22:55:44,805 ] botocore.hooks - DEBUG - Event before-call.s3.ListObjects: calling handler <function add_recursion_detection_header at 0x0000021A9E6A8CC0>
[ 2026-03-16 22:55:44,805 ] botocore.hooks - DEBUG - Event before-call.s3.ListObjects: calling handler <function inject_api_version_header_if_needed at 0x0000021A9E6ABF60>
[ 2026-03-16 22:55:44,805 ] botocore.endpoint - DEBUG - Making request for OperationModel(name=ListObjects) with params: {'url_path': '', 'query_string': {'prefix': 'model.pkl', 'encoding-type': 'url'}, 'method': 'GET', 'headers': {'User-Agent': 'Boto3/1.42.66 md/Botocore#1.42.66 ua/2.1 os/windows#10 md/arch#amd64 lang/python#3.11.9 md/pyimpl#CPython m/Z,b,C,D,e cfg/retry-mode#legacy Botocore/1.42.66 Resource'}, 'body': b'', 'auth_path': '/career-swtich-142333318099-ap-southeast-1-an/', 'url': 'https://career-swtich-142333318099-ap-southeast-1-an.s3.ap-southeast-1.amazonaws.com/?prefix=model.pkl&encoding-type=url', 'context': {'client_region': 'ap-southeast-1', 'client_config': <botocore.config.Config object at 0x0000021AC3E74310>, 'has_streaming_input': False, 'auth_type': 'v4', 'unsigned_payload': None, 'auth_options': ['aws.auth#sigv4'], 'encoding_type_auto_set': True, 's3_redirect': {'redirected': False, 'bucket': 'career-swtich-142333318099-ap-southeast-1-an', 'params': {'Bucket': 'career-swtich-142333318099-ap-southeast-1-an', 'Prefix': 'model.pkl', 'EncodingType': 'url'}}, 'input_params': {'Bucket': 'career-swtich-142333318099-ap-southeast-1-an', 'Prefix': 'model.pkl'}, 'signing': {'region': 'ap-southeast-1', 'signing_name': 's3', 'disableDoubleEncoding': True}, 'endpoint_properties': {'authSchemes': [{'disableDoubleEncoding': True, 'name': 'sigv4', 'signingName': 's3', 'signingRegion': 'ap-southeast-1'}]}}}
[ 2026-03-16 22:55:44,806 ] botocore.hooks - DEBUG - Event request-created.s3.ListObjects: calling handler <bound method RequestSigner.handler of <botocore.signers.RequestSigner object at 0x0000021ACDC3A7D0>>
[ 2026-03-16 22:55:44,806 ] botocore.hooks - DEBUG - Event choose-signer.s3.ListObjects: calling handler <bound method ClientCreator._default_s3_presign_to_sigv2 of <botocore.client.ClientCreator object at 0x0000021AC4809A50>>
[ 2026-03-16 22:55:44,806 ] botocore.hooks - DEBUG - Event choose-signer.s3.ListObjects: calling handler <function set_operation_specific_signer at 0x0000021A9E6AA200>
[ 2026-03-16 22:55:44,806 ] botocore.hooks - DEBUG - Event before-sign.s3.ListObjects: calling handler <function remove_arn_from_signing_path at 0x0000021A9E6D8B80>
[ 2026-03-16 22:55:44,806 ] botocore.hooks - DEBUG - Event before-sign.s3.ListObjects: calling handler <function _set_extra_headers_for_unsigned_request at 0x0000021A9E6D91C0>
[ 2026-03-16 22:55:44,809 ] botocore.hooks - DEBUG - Event before-sign.s3.ListObjects: calling handler <bound method S3ExpressIdentityResolver.resolve_s3express_identity of <botocore.utils.S3ExpressIdentityResolver object at 0x0000021AC3DDFAD0>>
[ 2026-03-16 22:55:44,810 ] botocore.auth - DEBUG - Calculating signature using v4 auth.
[ 2026-03-16 22:55:44,811 ] botocore.auth - DEBUG - CanonicalRequest:
GET
/
encoding-type=url&prefix=model.pkl
host:career-swtich-142333318099-ap-southeast-1-an.s3.ap-southeast-1.amazonaws.com
x-amz-content-sha256:e3b0c44298fc1c149afbf4c8996fb92427ae41e4649b934ca495991b7852b855
x-amz-date:20260316T165544Z

host;x-amz-content-sha256;x-amz-date
e3b0c44298fc1c149afbf4c8996fb92427ae41e4649b934ca495991b7852b855
[ 2026-03-16 22:55:44,811 ] botocore.auth - DEBUG - StringToSign:
AWS4-HMAC-SHA256
20260316T165544Z
20260316/ap-southeast-1/s3/aws4_request
d7bae3b504460c4ed8209914af9db490033aa172b355e65eb6999028f29a6ed2
[ 2026-03-16 22:55:44,812 ] botocore.auth - DEBUG - Signature:
2836817628572067ac0d8d2634593ce739aef8cd89072d9358c0acb846515010
[ 2026-03-16 22:55:44,813 ] botocore.hooks - DEBUG - Event request-created.s3.ListObjects: calling handler <bound method UserAgentString.rebuild_and_replace_user_agent_handler of <botocore.useragent.UserAgentString object at 0x0000021AC3E25210>>
[ 2026-03-16 22:55:44,814 ] botocore.hooks - DEBUG - Event request-created.s3.ListObjects: calling handler <function add_retry_headers at 0x0000021A9E6D89A0>
[ 2026-03-16 22:55:44,815 ] botocore.endpoint - DEBUG - Sending http request: <AWSPreparedRequest stream_output=False, method=GET, url=https://career-swtich-142333318099-ap-southeast-1-an.s3.ap-southeast-1.amazonaws.com/?prefix=model.pkl&encoding-type=url, headers={'User-Agent': b'Boto3/1.42.66 md/Botocore#1.42.66 ua/2.1 os/windows#10 md/arch#amd64 lang/python#3.11.9 md/pyimpl#CPython m/Z,b,C,D,e cfg/retry-mode#legacy Botocore/1.42.66 Resource', 'X-Amz-Date': b'20260316T165544Z', 'X-Amz-Content-SHA256': b'e3b0c44298fc1c149afbf4c8996fb92427ae41e4649b934ca495991b7852b855', 'Authorization': b'AWS4-HMAC-SHA256 Credential=AKIASCI52CPJT3AMY5HI/20260316/ap-southeast-1/s3/aws4_request, SignedHeaders=host;x-amz-content-sha256;x-amz-date, Signature=2836817628572067ac0d8d2634593ce739aef8cd89072d9358c0acb846515010', 'amz-sdk-invocation-id': b'6fff4827-ae3a-4def-9fe2-d7c8f65d7a2b', 'amz-sdk-request': b'attempt=1'}>
[ 2026-03-16 22:55:44,816 ] botocore.httpsession - DEBUG - Certificate path: D:\Data Science\Project\career\Lib\site-packages\certifi\cacert.pem
[ 2026-03-16 22:55:44,884 ] urllib3.connectionpool - DEBUG - https://career-swtich-142333318099-ap-southeast-1-an.s3.ap-southeast-1.amazonaws.com:443 "GET /?prefix=model.pkl&encoding-type=url HTTP/1.1" 200 None
[ 2026-03-16 22:55:44,898 ] botocore.hooks - DEBUG - Event before-parse.s3.ListObjects: calling handler <function _handle_200_error at 0x0000021A9E6D8F40>
[ 2026-03-16 22:55:44,898 ] botocore.hooks - DEBUG - Event before-parse.s3.ListObjects: calling handler <function handle_expires_header at 0x0000021A9E6D8D60>
[ 2026-03-16 22:55:44,899 ] botocore.parsers - DEBUG - Response headers: {'x-amz-id-2': 'hHC7phCPi42ZFLXfstnpLZh42xhVZMRtswmOAjsihqpSI1gYzoiYEZYFTjlX7IeSSYg6y3ZYNmg=', 'x-amz-request-id': 'S2TZX33KYRW5DS7X', 'Date': 'Mon, 16 Mar 2026 16:55:45 GMT', 'x-amz-bucket-region': 'ap-southeast-1', 'Content-Type': 'application/xml', 'Transfer-Encoding': 'chunked', 'Server': 'AmazonS3'}
[ 2026-03-16 22:55:44,899 ] botocore.parsers - DEBUG - Response body:
b'<?xml version="1.0" encoding="UTF-8"?>\n<ListBucketResult xmlns="http://s3.amazonaws.com/doc/2006-03-01/"><Name>career-swtich-142333318099-ap-southeast-1-an</Name><Prefix>model.pkl</Prefix><Marker></Marker><MaxKeys>1000</MaxKeys><EncodingType>url</EncodingType><IsTruncated>false</IsTruncated><Contents><Key>model.pkl</Key><LastModified>2026-03-16T13:44:38.000Z</LastModified><ETag>&quot;1e5ff0c798146912d2fe58ee6c214de4&quot;</ETag><ChecksumAlgorithm>CRC32</ChecksumAlgorithm><ChecksumType>FULL_OBJECT</ChecksumType><Size>12457</Size><Owner><ID>cc0d4ef5a03431e5896acb50a73153b816a51431d3c50e9eface818dac95f8ca</ID></Owner><StorageClass>STANDARD</StorageClass></Contents></ListBucketResult>'
[ 2026-03-16 22:55:44,901 ] botocore.hooks - DEBUG - Event needs-retry.s3.ListObjects: calling handler <function _update_status_code at 0x0000021A9E6D9080>
[ 2026-03-16 22:55:44,901 ] botocore.hooks - DEBUG - Event needs-retry.s3.ListObjects: calling handler <botocore.retryhandler.RetryHandler object at 0x0000021AC3E2BA50>
[ 2026-03-16 22:55:44,901 ] botocore.retryhandler - DEBUG - No retry needed.
[ 2026-03-16 22:55:44,901 ] botocore.hooks - DEBUG - Event needs-retry.s3.ListObjects: calling handler <bound method S3RegionRedirectorv2.redirect_from_error of <botocore.utils.S3RegionRedirectorv2 object at 0x0000021ACDC5B8D0>>
[ 2026-03-16 22:55:44,901 ] botocore.hooks - DEBUG - Event after-call.s3.ListObjects: calling handler <function decode_list_object at 0x0000021A9E6ABBA0>
[ 2026-03-16 22:55:44,901 ] boto3.resources.factory - DEBUG - Loading s3:ObjectSummary
[ 2026-03-16 22:55:44,901 ] boto3.resources.model - DEBUG - Renaming ObjectSummary attribute key
[ 2026-03-16 22:55:44,905 ] botocore.hooks - DEBUG - Event creating-resource-class.s3.ObjectSummary: calling handler <function lazy_call.<locals>._handler at 0x0000021AC3E4BA60>
[ 2026-03-16 22:55:44,905 ] boto3.resources.factory - DEBUG - Loading s3:Object
[ 2026-03-16 22:55:44,908 ] botocore.hooks - DEBUG - Event creating-resource-class.s3.Object: calling handler <function lazy_call.<locals>._handler at 0x0000021AC3E4B9C0>
[ 2026-03-16 22:55:44,908 ] boto3.resources.action - DEBUG - Calling s3:get_object with {'Bucket': 'career-swtich-142333318099-ap-southeast-1-an', 'Key': 'model.pkl'}
[ 2026-03-16 22:55:44,908 ] botocore.hooks - DEBUG - Event before-parameter-build.s3.GetObject: calling handler <function sse_md5 at 0x0000021A9E6AA700>
[ 2026-03-16 22:55:44,910 ] botocore.hooks - DEBUG - Event before-parameter-build.s3.GetObject: calling handler <function validate_bucket_name at 0x0000021A9E6AA660>
[ 2026-03-16 22:55:44,910 ] botocore.hooks - DEBUG - Event before-parameter-build.s3.GetObject: calling handler <function remove_bucket_from_url_paths_from_model at 0x0000021A9E6D8A40>
[ 2026-03-16 22:55:44,910 ] botocore.hooks - DEBUG - Event before-parameter-build.s3.GetObject: calling handler <bound method S3RegionRedirectorv2.annotate_request_context of <botocore.utils.S3RegionRedirectorv2 object at 0x0000021ACDC5B8D0>>
[ 2026-03-16 22:55:44,910 ] botocore.hooks - DEBUG - Event before-parameter-build.s3.GetObject: calling handler <bound method ClientCreator._inject_s3_input_parameters of <botocore.client.ClientCreator object at 0x0000021AC4809A50>>
[ 2026-03-16 22:55:44,910 ] botocore.hooks - DEBUG - Event before-parameter-build.s3.GetObject: calling handler <function generate_idempotent_uuid at 0x0000021A9E6AA480>
[ 2026-03-16 22:55:44,910 ] botocore.hooks - DEBUG - Event before-parameter-build.s3.GetObject: calling handler <function _handle_request_validation_mode_member at 0x0000021A9E6D9120>
[ 2026-03-16 22:55:44,913 ] botocore.hooks - DEBUG - Event before-endpoint-resolution.s3: calling handler <function customize_endpoint_resolver_builtins at 0x0000021A9E6D8C20>
[ 2026-03-16 22:55:44,913 ] botocore.hooks - DEBUG - Event before-endpoint-resolution.s3: calling handler <bound method S3RegionRedirectorv2.redirect_from_cache of <botocore.utils.S3RegionRedirectorv2 object at 0x0000021ACDC5B8D0>>
[ 2026-03-16 22:55:44,914 ] botocore.regions - DEBUG - Calling endpoint provider with parameters: {'Bucket': 'career-swtich-142333318099-ap-southeast-1-an', 'Region': 'ap-southeast-1', 'UseFIPS': False, 'UseDualStack': False, 'ForcePathStyle': False, 'Accelerate': False, 'UseGlobalEndpoint': False, 'Key': 'model.pkl', 'DisableMultiRegionAccessPoints': False, 'UseArnRegion': True}
[ 2026-03-16 22:55:44,916 ] botocore.regions - DEBUG - Endpoint provider result: https://career-swtich-142333318099-ap-southeast-1-an.s3.ap-southeast-1.amazonaws.com
[ 2026-03-16 22:55:44,916 ] botocore.regions - DEBUG - Selecting from endpoint provider's list of auth schemes: "sigv4". User selected auth scheme is: "None"
[ 2026-03-16 22:55:44,916 ] botocore.regions - DEBUG - Selected auth type "v4" as "v4" with signing context params: {'region': 'ap-southeast-1', 'signing_name': 's3', 'disableDoubleEncoding': True}
[ 2026-03-16 22:55:44,918 ] botocore.hooks - DEBUG - Event before-call.s3.GetObject: calling handler <function add_expect_header at 0x0000021A9E6AAA20>
[ 2026-03-16 22:55:44,918 ] botocore.hooks - DEBUG - Event before-call.s3.GetObject: calling handler <bound method S3ExpressIdentityResolver.apply_signing_cache_key of <botocore.utils.S3ExpressIdentityResolver object at 0x0000021AC3DDFAD0>>
[ 2026-03-16 22:55:44,918 ] botocore.hooks - DEBUG - Event before-call.s3.GetObject: calling handler <function add_recursion_detection_header at 0x0000021A9E6A8CC0>
[ 2026-03-16 22:55:44,918 ] botocore.hooks - DEBUG - Event before-call.s3.GetObject: calling handler <function inject_api_version_header_if_needed at 0x0000021A9E6ABF60>
[ 2026-03-16 22:55:44,918 ] botocore.endpoint - DEBUG - Making request for OperationModel(name=GetObject) with params: {'url_path': '/model.pkl', 'query_string': {}, 'method': 'GET', 'headers': {'x-amz-checksum-mode': 'ENABLED', 'User-Agent': 'Boto3/1.42.66 md/Botocore#1.42.66 ua/2.1 os/windows#10 md/arch#amd64 lang/python#3.11.9 md/pyimpl#CPython m/Z,D,b,e cfg/retry-mode#legacy Botocore/1.42.66 Resource'}, 'body': b'', 'auth_path': '/career-swtich-142333318099-ap-southeast-1-an/model.pkl', 'url': 'https://career-swtich-142333318099-ap-southeast-1-an.s3.ap-southeast-1.amazonaws.com/model.pkl', 'context': {'client_region': 'ap-southeast-1', 'client_config': <botocore.config.Config object at 0x0000021AC3E74310>, 'has_streaming_input': False, 'auth_type': 'v4', 'unsigned_payload': None, 'auth_options': ['aws.auth#sigv4'], 's3_redirect': {'redirected': False, 'bucket': 'career-swtich-142333318099-ap-southeast-1-an', 'params': {'Bucket': 'career-swtich-142333318099-ap-southeast-1-an', 'Key': 'model.pkl', 'ChecksumMode': 'ENABLED'}}, 'input_params': {'Bucket': 'career-swtich-142333318099-ap-southeast-1-an', 'Key': 'model.pkl'}, 'signing': {'region': 'ap-southeast-1', 'signing_name': 's3', 'disableDoubleEncoding': True}, 'endpoint_properties': {'authSchemes': [{'disableDoubleEncoding': True, 'name': 'sigv4', 'signingName': 's3', 'signingRegion': 'ap-southeast-1'}]}, 'checksum': {'response_algorithms': ['crc32', 'sha1', 'sha256']}}}
[ 2026-03-16 22:55:44,920 ] botocore.hooks - DEBUG - Event request-created.s3.GetObject: calling handler <bound method RequestSigner.handler of <botocore.signers.RequestSigner object at 0x0000021ACDC3A7D0>>
[ 2026-03-16 22:55:44,920 ] botocore.hooks - DEBUG - Event choose-signer.s3.GetObject: calling handler <bound method ClientCreator._default_s3_presign_to_sigv2 of <botocore.client.ClientCreator object at 0x0000021AC4809A50>>
[ 2026-03-16 22:55:44,921 ] botocore.hooks - DEBUG - Event choose-signer.s3.GetObject: calling handler <function set_operation_specific_signer at 0x0000021A9E6AA200>
[ 2026-03-16 22:55:44,921 ] botocore.hooks - DEBUG - Event before-sign.s3.GetObject: calling handler <function remove_arn_from_signing_path at 0x0000021A9E6D8B80>
[ 2026-03-16 22:55:44,921 ] botocore.hooks - DEBUG - Event before-sign.s3.GetObject: calling handler <function _set_extra_headers_for_unsigned_request at 0x0000021A9E6D91C0>
[ 2026-03-16 22:55:44,921 ] botocore.hooks - DEBUG - Event before-sign.s3.GetObject: calling handler <bound method S3ExpressIdentityResolver.resolve_s3express_identity of <botocore.utils.S3ExpressIdentityResolver object at 0x0000021AC3DDFAD0>>
[ 2026-03-16 22:55:44,921 ] botocore.auth - DEBUG - Calculating signature using v4 auth.
[ 2026-03-16 22:55:44,921 ] botocore.auth - DEBUG - CanonicalRequest:
GET
/model.pkl

host:career-swtich-142333318099-ap-southeast-1-an.s3.ap-southeast-1.amazonaws.com
x-amz-checksum-mode:ENABLED
x-amz-content-sha256:e3b0c44298fc1c149afbf4c8996fb92427ae41e4649b934ca495991b7852b855
x-amz-date:20260316T165544Z

host;x-amz-checksum-mode;x-amz-content-sha256;x-amz-date
e3b0c44298fc1c149afbf4c8996fb92427ae41e4649b934ca495991b7852b855
[ 2026-03-16 22:55:44,921 ] botocore.auth - DEBUG - StringToSign:
AWS4-HMAC-SHA256
20260316T165544Z
20260316/ap-southeast-1/s3/aws4_request
2be65b9041371ee21f829a03e7e76854f9ce815e3ca8d104c75dea02c897bf02
[ 2026-03-16 22:55:44,923 ] botocore.auth - DEBUG - Signature:
0e4baaeab73fe011b403aa5bb4eb3172d775a76c504f4dd2fe2fa218d842afd2
[ 2026-03-16 22:55:44,923 ] botocore.hooks - DEBUG - Event request-created.s3.GetObject: calling handler <bound method UserAgentString.rebuild_and_replace_user_agent_handler of <botocore.useragent.UserAgentString object at 0x0000021AC3E25210>>
[ 2026-03-16 22:55:44,923 ] botocore.hooks - DEBUG - Event request-created.s3.GetObject: calling handler <function add_retry_headers at 0x0000021A9E6D89A0>
[ 2026-03-16 22:55:44,923 ] botocore.endpoint - DEBUG - Sending http request: <AWSPreparedRequest stream_output=True, method=GET, url=https://career-swtich-142333318099-ap-southeast-1-an.s3.ap-southeast-1.amazonaws.com/model.pkl, headers={'x-amz-checksum-mode': b'ENABLED', 'User-Agent': b'Boto3/1.42.66 md/Botocore#1.42.66 ua/2.1 os/windows#10 md/arch#amd64 lang/python#3.11.9 md/pyimpl#CPython m/Z,D,b,e cfg/retry-mode#legacy Botocore/1.42.66 Resource', 'X-Amz-Date': b'20260316T165544Z', 'X-Amz-Content-SHA256': b'e3b0c44298fc1c149afbf4c8996fb92427ae41e4649b934ca495991b7852b855', 'Authorization': b'AWS4-HMAC-SHA256 Credential=AKIASCI52CPJT3AMY5HI/20260316/ap-southeast-1/s3/aws4_request, SignedHeaders=host;x-amz-checksum-mode;x-amz-content-sha256;x-amz-date, Signature=0e4baaeab73fe011b403aa5bb4eb3172d775a76c504f4dd2fe2fa218d842afd2', 'amz-sdk-invocation-id': b'da41c3b1-8576-4532-8d5f-3f06becdbaf0', 'amz-sdk-request': b'attempt=1'}>
[ 2026-03-16 22:55:44,924 ] botocore.httpsession - DEBUG - Certificate path: D:\Data Science\Project\career\Lib\site-packages\certifi\cacert.pem
[ 2026-03-16 22:55:45,019 ] urllib3.connectionpool - DEBUG - https://career-swtich-142333318099-ap-southeast-1-an.s3.ap-southeast-1.amazonaws.com:443 "GET /model.pkl HTTP/1.1" 200 12457
[ 2026-03-16 22:55:45,019 ] botocore.hooks - DEBUG - Event before-parse.s3.GetObject: calling handler <function _handle_200_error at 0x0000021A9E6D8F40>
[ 2026-03-16 22:55:45,019 ] botocore.hooks - DEBUG - Event before-parse.s3.GetObject: calling handler <function handle_expires_header at 0x0000021A9E6D8D60>
[ 2026-03-16 22:55:45,024 ] botocore.parsers - DEBUG - Response headers: {'x-amz-id-2': 'JBSfRmkmKdtd4iqwMPaVTOI8op7S1utT4s8TVFjQnsASR1K/InCR610NNXf0A8GBGAwolDkcXHg=', 'x-amz-request-id': 'S2TV53WN9H478TW2', 'Date': 'Mon, 16 Mar 2026 16:55:45 GMT', 'Last-Modified': 'Mon, 16 Mar 2026 13:44:38 GMT', 'ETag': '"1e5ff0c798146912d2fe58ee6c214de4"', 'x-amz-checksum-crc32': '380Njw==', 'x-amz-checksum-type': 'FULL_OBJECT', 'x-amz-server-side-encryption': 'AES256', 'Accept-Ranges': 'bytes', 'Content-Type': 'binary/octet-stream', 'Content-Length': '12457', 'Server': 'AmazonS3'}
[ 2026-03-16 22:55:45,024 ] botocore.parsers - DEBUG - Response body:
<botocore.httpchecksum.StreamingChecksumBody object at 0x0000021ACDD35000>
[ 2026-03-16 22:55:45,027 ] botocore.hooks - DEBUG - Event needs-retry.s3.GetObject: calling handler <function _update_status_code at 0x0000021A9E6D9080>
[ 2026-03-16 22:55:45,027 ] botocore.hooks - DEBUG - Event needs-retry.s3.GetObject: calling handler <botocore.retryhandler.RetryHandler object at 0x0000021AC3E2BA50>
[ 2026-03-16 22:55:45,027 ] botocore.retryhandler - DEBUG - No retry needed.
[ 2026-03-16 22:55:45,029 ] botocore.hooks - DEBUG - Event needs-retry.s3.GetObject: calling handler <bound method S3RegionRedirectorv2.redirect_from_error of <botocore.utils.S3RegionRedirectorv2 object at 0x0000021ACDC5B8D0>>
[ 2026-03-16 22:55:45,029 ] boto3.resources.action - DEBUG - Response: {'ResponseMetadata': {'RequestId': 'S2TV53WN9H478TW2', 'HostId': 'JBSfRmkmKdtd4iqwMPaVTOI8op7S1utT4s8TVFjQnsASR1K/InCR610NNXf0A8GBGAwolDkcXHg=', 'HTTPStatusCode': 200, 'HTTPHeaders': {'x-amz-id-2': 'JBSfRmkmKdtd4iqwMPaVTOI8op7S1utT4s8TVFjQnsASR1K/InCR610NNXf0A8GBGAwolDkcXHg=', 'x-amz-request-id': 'S2TV53WN9H478TW2', 'date': 'Mon, 16 Mar 2026 16:55:45 GMT', 'last-modified': 'Mon, 16 Mar 2026 13:44:38 GMT', 'etag': '"1e5ff0c798146912d2fe58ee6c214de4"', 'x-amz-checksum-crc32': '380Njw==', 'x-amz-checksum-type': 'FULL_OBJECT', 'x-amz-server-side-encryption': 'AES256', 'accept-ranges': 'bytes', 'content-type': 'binary/octet-stream', 'content-length': '12457', 'server': 'AmazonS3'}, 'ChecksumAlgorithm': 'crc32', 'RetryAttempts': 0}, 'AcceptRanges': 'bytes', 'LastModified': datetime.datetime(2026, 3, 16, 13, 44, 38, tzinfo=tzutc()), 'ContentLength': 12457, 'ETag': '"1e5ff0c798146912d2fe58ee6c214de4"', 'ChecksumCRC32': '380Njw==', 'ChecksumType': 'FULL_OBJECT', 'ContentType': 'binary/octet-stream', 'ServerSideEncryption': 'AES256', 'Metadata': {}, 'Body': <botocore.httpchecksum.StreamingChecksumBody object at 0x0000021ACDD35000>}
[ 2026-03-16 22:55:45,029 ] root - INFO - Production model loaded from S3 bucket.
[ 2026-03-16 22:55:45,029 ] root - INFO - Starting prediction process.
[ 2026-03-16 22:55:45,080 ] root - INFO - Using the trained model to get predictions
[ 2026-03-16 22:55:45,095 ] root - INFO - F1_Score-Production Model: 0.5918367346938775, F1_Score-New Trained Model: 0.8528974739970282
[ 2026-03-16 22:55:45,095 ] root - INFO - Result: EvaluateModelResponse(trained_model_f1_score=0.8528974739970282, best_model_f1_score=0.5918367346938775, is_model_accepted=True, difference=0.26106073930315066)
[ 2026-03-16 22:55:45,099 ] root - INFO - Model evaluation artifact: ModelEvaluationArtifact(is_model_accepted=True, changed_accuracy=0.26106073930315066, s3_model_path='model.pkl', trained_model_path='artifact\\03_16_2026_22_55_24\\model_trainer\\trained_model\\model.pkl')
[ 2026-03-16 22:55:45,101 ] root - INFO - Entered initiate_model_pusher method of ModelTrainer class
[ 2026-03-16 22:55:45,101 ] root - INFO - Uploading artifacts folder and model to s3 bucket
[ 2026-03-16 22:55:45,105 ] root - INFO - Entered the upload_file method of SimpleStorageService class
[ 2026-03-16 22:55:45,106 ] root - INFO - Uploading artifact\03_16_2026_22_55_24\model_trainer\trained_model\model.pkl to model.pkl in career-swtich-142333318099-ap-southeast-1-an
[ 2026-03-16 22:55:45,108 ] boto3.s3.transfer - DEBUG - Opting out of CRT Transfer Manager. Preferred client: auto, CRT available: False, Instance Optimized: False
[ 2026-03-16 22:55:45,109 ] boto3.s3.transfer - DEBUG - Using default client. pid: 15736, thread: 1060
[ 2026-03-16 22:55:45,111 ] s3transfer.utils - DEBUG - Acquiring 0
[ 2026-03-16 22:55:45,114 ] s3transfer.tasks - DEBUG - UploadSubmissionTask(transfer_id=0, {'transfer_future': <s3transfer.futures.TransferFuture object at 0x0000021AC3E94910>}) about to wait for the following futures []
[ 2026-03-16 22:55:45,115 ] s3transfer.tasks - DEBUG - UploadSubmissionTask(transfer_id=0, {'transfer_future': <s3transfer.futures.TransferFuture object at 0x0000021AC3E94910>}) done waiting for dependent futures
[ 2026-03-16 22:55:45,117 ] s3transfer.tasks - DEBUG - Executing task UploadSubmissionTask(transfer_id=0, {'transfer_future': <s3transfer.futures.TransferFuture object at 0x0000021AC3E94910>}) with kwargs {'client': <botocore.client.S3 object at 0x0000021AC3DDFD50>, 'config': <boto3.s3.transfer.TransferConfig object at 0x0000021ACDCE3350>, 'osutil': <s3transfer.utils.OSUtils object at 0x0000021AC3EC94D0>, 'request_executor': <s3transfer.futures.BoundedExecutor object at 0x0000021AC39ACED0>, 'transfer_future': <s3transfer.futures.TransferFuture object at 0x0000021AC3E94910>}
[ 2026-03-16 22:55:45,119 ] s3transfer.futures - DEBUG - Submitting task PutObjectTask(transfer_id=0, {'bucket': 'career-swtich-142333318099-ap-southeast-1-an', 'key': 'model.pkl', 'extra_args': {'ChecksumAlgorithm': 'CRC32'}}) to executor <s3transfer.futures.BoundedExecutor object at 0x0000021AC39ACED0> for transfer request: 0.
[ 2026-03-16 22:55:45,120 ] s3transfer.utils - DEBUG - Acquiring 0
[ 2026-03-16 22:55:45,122 ] s3transfer.tasks - DEBUG - PutObjectTask(transfer_id=0, {'bucket': 'career-swtich-142333318099-ap-southeast-1-an', 'key': 'model.pkl', 'extra_args': {'ChecksumAlgorithm': 'CRC32'}}) about to wait for the following futures []
[ 2026-03-16 22:55:45,122 ] s3transfer.utils - DEBUG - Releasing acquire 0/None
[ 2026-03-16 22:55:45,122 ] s3transfer.tasks - DEBUG - PutObjectTask(transfer_id=0, {'bucket': 'career-swtich-142333318099-ap-southeast-1-an', 'key': 'model.pkl', 'extra_args': {'ChecksumAlgorithm': 'CRC32'}}) done waiting for dependent futures
[ 2026-03-16 22:55:45,125 ] s3transfer.tasks - DEBUG - Executing task PutObjectTask(transfer_id=0, {'bucket': 'career-swtich-142333318099-ap-southeast-1-an', 'key': 'model.pkl', 'extra_args': {'ChecksumAlgorithm': 'CRC32'}}) with kwargs {'client': <botocore.client.S3 object at 0x0000021AC3DDFD50>, 'fileobj': <s3transfer.utils.ReadFileChunk object at 0x0000021ACDC0DCD0>, 'bucket': 'career-swtich-142333318099-ap-southeast-1-an', 'key': 'model.pkl', 'extra_args': {'ChecksumAlgorithm': 'CRC32'}}
[ 2026-03-16 22:55:45,127 ] botocore.hooks - DEBUG - Event before-parameter-build.s3.PutObject: calling handler <function validate_ascii_metadata at 0x0000021A9E6AB420>
[ 2026-03-16 22:55:45,127 ] botocore.hooks - DEBUG - Event before-parameter-build.s3.PutObject: calling handler <function sse_md5 at 0x0000021A9E6AA700>
[ 2026-03-16 22:55:45,129 ] botocore.hooks - DEBUG - Event before-parameter-build.s3.PutObject: calling handler <function convert_body_to_file_like_object at 0x0000021A9E6ABE20>
[ 2026-03-16 22:55:45,130 ] botocore.hooks - DEBUG - Event before-parameter-build.s3.PutObject: calling handler <function validate_bucket_name at 0x0000021A9E6AA660>
[ 2026-03-16 22:55:45,131 ] botocore.hooks - DEBUG - Event before-parameter-build.s3.PutObject: calling handler <function remove_bucket_from_url_paths_from_model at 0x0000021A9E6D8A40>
[ 2026-03-16 22:55:45,132 ] botocore.hooks - DEBUG - Event before-parameter-build.s3.PutObject: calling handler <bound method S3RegionRedirectorv2.annotate_request_context of <botocore.utils.S3RegionRedirectorv2 object at 0x0000021ACDC5B8D0>>
[ 2026-03-16 22:55:45,134 ] botocore.hooks - DEBUG - Event before-parameter-build.s3.PutObject: calling handler <bound method ClientCreator._inject_s3_input_parameters of <botocore.client.ClientCreator object at 0x0000021AC4809A50>>
[ 2026-03-16 22:55:45,135 ] botocore.hooks - DEBUG - Event before-parameter-build.s3.PutObject: calling handler <function generate_idempotent_uuid at 0x0000021A9E6AA480>
[ 2026-03-16 22:55:45,137 ] botocore.hooks - DEBUG - Event before-parameter-build.s3.PutObject: calling handler <function _handle_request_validation_mode_member at 0x0000021A9E6D9120>
[ 2026-03-16 22:55:45,137 ] botocore.hooks - DEBUG - Event before-endpoint-resolution.s3: calling handler <function customize_endpoint_resolver_builtins at 0x0000021A9E6D8C20>
[ 2026-03-16 22:55:45,137 ] botocore.hooks - DEBUG - Event before-endpoint-resolution.s3: calling handler <bound method S3RegionRedirectorv2.redirect_from_cache of <botocore.utils.S3RegionRedirectorv2 object at 0x0000021ACDC5B8D0>>
[ 2026-03-16 22:55:45,137 ] botocore.regions - DEBUG - Calling endpoint provider with parameters: {'Bucket': 'career-swtich-142333318099-ap-southeast-1-an', 'Region': 'ap-southeast-1', 'UseFIPS': False, 'UseDualStack': False, 'ForcePathStyle': False, 'Accelerate': False, 'UseGlobalEndpoint': False, 'Key': 'model.pkl', 'DisableMultiRegionAccessPoints': False, 'UseArnRegion': True}
[ 2026-03-16 22:55:45,140 ] botocore.regions - DEBUG - Endpoint provider result: https://career-swtich-142333318099-ap-southeast-1-an.s3.ap-southeast-1.amazonaws.com
[ 2026-03-16 22:55:45,141 ] botocore.regions - DEBUG - Selecting from endpoint provider's list of auth schemes: "sigv4". User selected auth scheme is: "None"
[ 2026-03-16 22:55:45,142 ] botocore.regions - DEBUG - Selected auth type "v4" as "v4" with signing context params: {'region': 'ap-southeast-1', 'signing_name': 's3', 'disableDoubleEncoding': True}
[ 2026-03-16 22:55:45,143 ] botocore.hooks - DEBUG - Event before-call.s3.PutObject: calling handler <function add_expect_header at 0x0000021A9E6AAA20>
[ 2026-03-16 22:55:45,143 ] botocore.handlers - DEBUG - Adding expect 100 continue header to request.
[ 2026-03-16 22:55:45,144 ] botocore.hooks - DEBUG - Event before-call.s3.PutObject: calling handler <bound method S3ExpressIdentityResolver.apply_signing_cache_key of <botocore.utils.S3ExpressIdentityResolver object at 0x0000021AC3DDFAD0>>
[ 2026-03-16 22:55:45,144 ] botocore.hooks - DEBUG - Event before-call.s3.PutObject: calling handler <function add_recursion_detection_header at 0x0000021A9E6A8CC0>
[ 2026-03-16 22:55:45,144 ] botocore.hooks - DEBUG - Event before-call.s3.PutObject: calling handler <function inject_api_version_header_if_needed at 0x0000021A9E6ABF60>
[ 2026-03-16 22:55:45,146 ] botocore.endpoint - DEBUG - Making request for OperationModel(name=PutObject) with params: {'url_path': '/model.pkl', 'query_string': {}, 'method': 'PUT', 'headers': {'x-amz-sdk-checksum-algorithm': 'CRC32', 'User-Agent': 'Boto3/1.42.66 md/Botocore#1.42.66 ua/2.1 os/windows#10 md/arch#amd64 lang/python#3.11.9 md/pyimpl#CPython m/Z,b,D,G,e cfg/retry-mode#legacy Botocore/1.42.66 Resource', 'Expect': '100-continue', 'Transfer-Encoding': 'chunked', 'Content-Encoding': 'aws-chunked', 'X-Amz-Trailer': 'x-amz-checksum-crc32', 'X-Amz-Decoded-Content-Length': '12284'}, 'body': <botocore.httpchecksum.AwsChunkedWrapper object at 0x0000021ACDD43FD0>, 'auth_path': '/career-swtich-142333318099-ap-southeast-1-an/model.pkl', 'url': 'https://career-swtich-142333318099-ap-southeast-1-an.s3.ap-southeast-1.amazonaws.com/model.pkl', 'context': {'client_region': 'ap-southeast-1', 'client_config': <botocore.config.Config object at 0x0000021AC3E74310>, 'has_streaming_input': True, 'auth_type': 'v4', 'unsigned_payload': None, 'auth_options': ['aws.auth#sigv4'], 's3_redirect': {'redirected': False, 'bucket': 'career-swtich-142333318099-ap-southeast-1-an', 'params': {'Bucket': 'career-swtich-142333318099-ap-southeast-1-an', 'Key': 'model.pkl', 'Body': <s3transfer.utils.ReadFileChunk object at 0x0000021ACDC0DCD0>, 'ChecksumAlgorithm': 'CRC32'}}, 'input_params': {'Bucket': 'career-swtich-142333318099-ap-southeast-1-an', 'Key': 'model.pkl'}, 'signing': {'region': 'ap-southeast-1', 'signing_name': 's3', 'disableDoubleEncoding': True}, 'endpoint_properties': {'authSchemes': [{'disableDoubleEncoding': True, 'name': 'sigv4', 'signingName': 's3', 'signingRegion': 'ap-southeast-1'}]}, 'checksum': {'request_algorithm': {'algorithm': 'crc32', 'in': 'trailer', 'name': 'x-amz-checksum-crc32'}}}}
[ 2026-03-16 22:55:45,147 ] botocore.hooks - DEBUG - Event request-created.s3.PutObject: calling handler <function signal_not_transferring at 0x0000021A9E2367A0>
[ 2026-03-16 22:55:45,147 ] botocore.hooks - DEBUG - Event request-created.s3.PutObject: calling handler <bound method RequestSigner.handler of <botocore.signers.RequestSigner object at 0x0000021ACDC3A7D0>>
[ 2026-03-16 22:55:45,148 ] botocore.hooks - DEBUG - Event choose-signer.s3.PutObject: calling handler <bound method ClientCreator._default_s3_presign_to_sigv2 of <botocore.client.ClientCreator object at 0x0000021AC4809A50>>
[ 2026-03-16 22:55:45,148 ] botocore.hooks - DEBUG - Event choose-signer.s3.PutObject: calling handler <function set_operation_specific_signer at 0x0000021A9E6AA200>
[ 2026-03-16 22:55:45,150 ] botocore.hooks - DEBUG - Event before-sign.s3.PutObject: calling handler <function remove_arn_from_signing_path at 0x0000021A9E6D8B80>
[ 2026-03-16 22:55:45,150 ] botocore.hooks - DEBUG - Event before-sign.s3.PutObject: calling handler <function _set_extra_headers_for_unsigned_request at 0x0000021A9E6D91C0>
[ 2026-03-16 22:55:45,150 ] botocore.hooks - DEBUG - Event before-sign.s3.PutObject: calling handler <bound method S3ExpressIdentityResolver.resolve_s3express_identity of <botocore.utils.S3ExpressIdentityResolver object at 0x0000021AC3DDFAD0>>
[ 2026-03-16 22:55:45,152 ] botocore.auth - DEBUG - Calculating signature using v4 auth.
[ 2026-03-16 22:55:45,153 ] botocore.auth - DEBUG - CanonicalRequest:
PUT
/model.pkl

content-encoding:aws-chunked
host:career-swtich-142333318099-ap-southeast-1-an.s3.ap-southeast-1.amazonaws.com
x-amz-content-sha256:STREAMING-UNSIGNED-PAYLOAD-TRAILER
x-amz-date:20260316T165545Z
x-amz-decoded-content-length:12284
x-amz-sdk-checksum-algorithm:CRC32
x-amz-trailer:x-amz-checksum-crc32

content-encoding;host;x-amz-content-sha256;x-amz-date;x-amz-decoded-content-length;x-amz-sdk-checksum-algorithm;x-amz-trailer
STREAMING-UNSIGNED-PAYLOAD-TRAILER
[ 2026-03-16 22:55:45,153 ] botocore.auth - DEBUG - StringToSign:
AWS4-HMAC-SHA256
20260316T165545Z
20260316/ap-southeast-1/s3/aws4_request
7aaeb2227273a5f759c53c842ab23ab7a75eba22735cd815e9890e729df1439a
[ 2026-03-16 22:55:45,154 ] botocore.auth - DEBUG - Signature:
638bcbe7645cddbeb16b2062224cc15b2b40764a5f5226dc009e3940d3b73137
[ 2026-03-16 22:55:45,154 ] botocore.hooks - DEBUG - Event request-created.s3.PutObject: calling handler <bound method UserAgentString.rebuild_and_replace_user_agent_handler of <botocore.useragent.UserAgentString object at 0x0000021AC3E25210>>
[ 2026-03-16 22:55:45,154 ] botocore.hooks - DEBUG - Event request-created.s3.PutObject: calling handler <function signal_transferring at 0x0000021A9E236480>
[ 2026-03-16 22:55:45,154 ] botocore.hooks - DEBUG - Event request-created.s3.PutObject: calling handler <function add_retry_headers at 0x0000021A9E6D89A0>
[ 2026-03-16 22:55:45,154 ] botocore.endpoint - DEBUG - Sending http request: <AWSPreparedRequest stream_output=False, method=PUT, url=https://career-swtich-142333318099-ap-southeast-1-an.s3.ap-southeast-1.amazonaws.com/model.pkl, headers={'x-amz-sdk-checksum-algorithm': b'CRC32', 'User-Agent': b'Boto3/1.42.66 md/Botocore#1.42.66 ua/2.1 os/windows#10 md/arch#amd64 lang/python#3.11.9 md/pyimpl#CPython m/Z,b,U,D,G,e cfg/retry-mode#legacy Botocore/1.42.66 Resource', 'Expect': b'100-continue', 'Transfer-Encoding': b'chunked', 'Content-Encoding': b'aws-chunked', 'X-Amz-Trailer': b'x-amz-checksum-crc32', 'X-Amz-Decoded-Content-Length': b'12284', 'X-Amz-Date': b'20260316T165545Z', 'X-Amz-Content-SHA256': b'STREAMING-UNSIGNED-PAYLOAD-TRAILER', 'Authorization': b'AWS4-HMAC-SHA256 Credential=AKIASCI52CPJT3AMY5HI/20260316/ap-southeast-1/s3/aws4_request, SignedHeaders=content-encoding;host;x-amz-content-sha256;x-amz-date;x-amz-decoded-content-length;x-amz-sdk-checksum-algorithm;x-amz-trailer, Signature=638bcbe7645cddbeb16b2062224cc15b2b40764a5f5226dc009e3940d3b73137', 'amz-sdk-invocation-id': b'83ffdcaa-85ad-4453-bd1f-efcae6b0843e', 'amz-sdk-request': b'attempt=1'}>
[ 2026-03-16 22:55:45,154 ] botocore.httpsession - DEBUG - Certificate path: D:\Data Science\Project\career\Lib\site-packages\certifi\cacert.pem
[ 2026-03-16 22:55:45,154 ] botocore.awsrequest - DEBUG - Waiting for 100 Continue response.
[ 2026-03-16 22:55:45,229 ] botocore.awsrequest - DEBUG - 100 Continue response seen, now sending request body.
[ 2026-03-16 22:55:45,311 ] urllib3.connectionpool - DEBUG - https://career-swtich-142333318099-ap-southeast-1-an.s3.ap-southeast-1.amazonaws.com:443 "PUT /model.pkl HTTP/1.1" 200 0
[ 2026-03-16 22:55:45,311 ] botocore.hooks - DEBUG - Event before-parse.s3.PutObject: calling handler <function _handle_200_error at 0x0000021A9E6D8F40>
[ 2026-03-16 22:55:45,313 ] botocore.hooks - DEBUG - Event before-parse.s3.PutObject: calling handler <function handle_expires_header at 0x0000021A9E6D8D60>
[ 2026-03-16 22:55:45,313 ] botocore.parsers - DEBUG - Response headers: {'x-amz-id-2': 'tovaSBZCwYcJvlgeAqYcFv8Kd9et9U+kvQI8WsYdmrvBSwE6mvvqmvhkKYjAWk/bF3npjaL0Olw=', 'x-amz-request-id': 'S2TW720C6EYJKEHB', 'Date': 'Mon, 16 Mar 2026 16:55:45 GMT', 'x-amz-server-side-encryption': 'AES256', 'ETag': '"6a2d4fee4cb03bfd7dd81e0117091c0f"', 'x-amz-checksum-crc32': 'GTj5cw==', 'x-amz-checksum-type': 'FULL_OBJECT', 'Content-Length': '0', 'Server': 'AmazonS3'}
[ 2026-03-16 22:55:45,315 ] botocore.parsers - DEBUG - Response body:
b''
[ 2026-03-16 22:55:45,316 ] botocore.hooks - DEBUG - Event needs-retry.s3.PutObject: calling handler <function _update_status_code at 0x0000021A9E6D9080>
[ 2026-03-16 22:55:45,316 ] botocore.hooks - DEBUG - Event needs-retry.s3.PutObject: calling handler <botocore.retryhandler.RetryHandler object at 0x0000021AC3E2BA50>
[ 2026-03-16 22:55:45,319 ] botocore.retryhandler - DEBUG - No retry needed.
[ 2026-03-16 22:55:45,319 ] botocore.hooks - DEBUG - Event needs-retry.s3.PutObject: calling handler <bound method S3RegionRedirectorv2.redirect_from_error of <botocore.utils.S3RegionRedirectorv2 object at 0x0000021ACDC5B8D0>>
[ 2026-03-16 22:55:45,319 ] s3transfer.utils - DEBUG - Releasing acquire 0/None
[ 2026-03-16 22:55:45,319 ] root - INFO - Uploaded artifact\03_16_2026_22_55_24\model_trainer\trained_model\model.pkl to model.pkl in career-swtich-142333318099-ap-southeast-1-an
[ 2026-03-16 22:55:45,325 ] root - INFO - Exited the upload_file method of SimpleStorageService class
[ 2026-03-16 22:55:45,327 ] root - INFO - Uploaded arfiact to s3 done
[ 2026-03-16 22:55:45,329 ] root - INFO - Model pusher artifact: [ModelPusherArtifact(bucket_name='career-swtich-142333318099-ap-southeast-1-an', s3_model_path='model.pkl')] and exiting the initiate_model_pusher method of ModelTrainer class
[ 2026-03-16 22:55:45,446 ] pymongo.topology - DEBUG - {"message": "Server heartbeat failed", "topologyId": {"$oid": "69b83600a3c17a77b3d6a1d8"}, "serverHost": "ac-p3jknmn-shard-00-02.vqv383i.mongodb.net", "serverPort": 27017, "awaited": true, "durationMS": 5046.0000000020955, "failure": "\"_OperationCancelled('operation cancelled')\"", "driverConnectionId": 1}
[ 2026-03-16 22:55:45,504 ] pymongo.topology - DEBUG - {"message": "Server heartbeat failed", "topologyId": {"$oid": "69b83600a3c17a77b3d6a1d8"}, "serverHost": "ac-p3jknmn-shard-00-00.vqv383i.mongodb.net", "serverPort": 27017, "awaited": true, "durationMS": 5078.000000008615, "failure": "\"_OperationCancelled('operation cancelled')\"", "driverConnectionId": 1}
[ 2026-03-16 22:55:45,504 ] pymongo.topology - DEBUG - {"message": "Server heartbeat failed", "topologyId": {"$oid": "69b83600a3c17a77b3d6a1d8"}, "serverHost": "ac-p3jknmn-shard-00-01.vqv383i.mongodb.net", "serverPort": 27017, "awaited": true, "durationMS": 5078.000000008615, "failure": "\"_OperationCancelled('operation cancelled')\"", "driverConnectionId": 1}
